{
  "seleniumLog": [
    {
      "commandName": "loginToInvoiceApp",
      "args": [
        "[]"
      ],
      "result": "success",
      "subLogs": [
        {
          "commandName": "findElement",
          "args": [
            "{value=login_email, using=name}"
          ],
          "result": "id: 14000000-0000-0000-A509-010000000000",
          "subLogs": [],
          "duration": 347
        },
        {
          "commandName": "findElement",
          "args": [
            "By.name: login_email",
            "{}"
          ],
          "result": "OK",
          "subLogs": [],
          "duration": -1
        },
        {
          "commandName": "sendKeysToElement",
          "args": [
            "By.name: login_email",
            "{\"id\":\"14000000-0000-0000-A509-010000000000\",\"value\":[\"test@perfecto.com\"]}"
          ],
          "result": "sendKeysToElement:null",
          "subLogs": [],
          "duration": 1714
        },
        {
          "commandName": "findElement",
          "args": [
            "{value=login_password, using=name}"
          ],
          "result": "id: 17000000-0000-0000-A509-010000000000",
          "subLogs": [],
          "duration": 426
        },
        {
          "commandName": "findElement",
          "args": [
            "By.name: login_password",
            "{}"
          ],
          "result": "OK",
          "subLogs": [],
          "duration": -1
        },
        {
          "commandName": "sendKeysToElement",
          "args": [
            "By.name: login_password",
            "{\"id\":\"17000000-0000-0000-A509-010000000000\",\"value\":[\"test123\"]}"
          ],
          "result": "sendKeysToElement:null",
          "subLogs": [],
          "duration": 1373
        },
        {
          "commandName": "findElement",
          "args": [
            "{value=//XCUIElementTypeSwitch, using=xpath}"
          ],
          "result": "id: 1A000000-0000-0000-A509-010000000000",
          "subLogs": [],
          "duration": 562
        },
        {
          "commandName": "findElement",
          "args": [
            "By.xpath: //XCUIElementTypeSwitch",
            "{}"
          ],
          "result": "OK",
          "subLogs": [],
          "duration": -1
        },
        {
          "commandName": "clickElement",
          "args": [
            "By.xpath: //XCUIElementTypeSwitch",
            "{\"id\":\"1A000000-0000-0000-A509-010000000000\"}"
          ],
          "result": "clickElement:null",
          "subLogs": [],
          "duration": 1073
        },
        {
          "commandName": "findElement",
          "args": [
            "{value=login_login_btn, using=name}"
          ],
          "result": "id: 18000000-0000-0000-A509-010000000000",
          "subLogs": [],
          "duration": 512
        },
        {
          "commandName": "findElement",
          "args": [
            "By.name: login_login_btn",
            "{}"
          ],
          "result": "OK",
          "subLogs": [],
          "duration": -1
        },
        {
          "commandName": "clickElement",
          "args": [
            "By.name: login_login_btn",
            "{\"id\":\"18000000-0000-0000-A509-010000000000\"}"
          ],
          "result": "clickElement:null",
          "subLogs": [],
          "duration": 1079
        },
        {
          "commandName": "findElement",
          "args": [
            "{value=//*[@label='OK'], using=xpath}"
          ],
          "result": "An element could not be located on the page using the given search parameters.\nFor documentation on this error, please visit: https://www.seleniumhq.org/exceptions/no_such_element.html\nBuild info: version: '3.141.59', revision: 'e82be7d358', time: '2018-11-14T08:17:03'\nDriver info: io.appium.java_client.ios.IOSDriver\nCapabilities {accessToken: eyJhbGciOiJSUzI1NiIsInR5cCI..., app: PUBLIC:ExpenseTracker/Nativ..., assert_javascript_enabled: true, authenticationTenant: operator, automationName: XCUITest, browserName: , bundleId: io.perfecto.expense.tracker, cloud: demo.perfectomobile.com, cssSelectorsEnabled: true, databaseEnabled: false, deviceName: 00008103-000C44E83A33001E, deviceSessionId: stephenp@perfectomobile.com..., driverClass: io.appium.java_client.ios.I..., engineExternalExecId: 0f46af41-83b0-41a2-9fd0-50e..., entityType: appium_driver, executionId: stephenp@perfectomobile.com..., executionTenantId: demo-perfectomobile-com, host: demo.perfectomobile.com, javascriptEnabled: true, liveStreamEnabled: false, locationContextEnabled: false, model: iPad.*, networkConnectionEnabled: false, password: , platform: MAC, platformName: ios, platformVersion: 16.1.1, pureAppiumFlow: true, report.jobBranch: master, report.jobName: PerfectoDemo, report.jobNumber: 16155203, reportPdfUrl: https://demo.app.perfectomo..., scriptName: RemoteWebDriver, securityToken: , sensorInstrument: true, serverConnector: , serverHost: X.X.X.X:11603, simpleIsVisibleCheck: true, stopUrl: https://demo.perfectomobile..., takesScreenshot: true, testGridReportUrl: https://demo.app.perfectomo..., testRunWithPureAppiumFlow: false, udid: 00008103-000C44E83A33001E, user: , webStorageEnabled: false, xcuitestFindOptimizations: true}\nSession ID: ce37f120-38ea-4448-9076-9af0a52d6593\n*** Element info: {Using=xpath, value=//*[@label='OK']}\nCommand duration or timeout: 0 milliseconds",
          "subLogs": [],
          "duration": 517
        },
        {
          "commandName": "findElement",
          "args": [
            "{value=OK, using=name}"
          ],
          "result": "id: CC000000-0000-0000-A509-010000000000",
          "subLogs": [],
          "duration": 358
        },
        {
          "commandName": "findElement",
          "args": [
            "By.name: OK",
            "{}"
          ],
          "result": "OK",
          "subLogs": [],
          "duration": -1
        },
        {
          "commandName": "clickElement",
          "args": [
            "By.name: OK",
            "{\"id\":\"CC000000-0000-0000-A509-010000000000\"}"
          ],
          "result": "clickElement:null",
          "subLogs": [],
          "duration": 1061
        },
        {
          "commandName": "findElement",
          "args": [
            "{value=login_login_btn, using=name}"
          ],
          "result": "id: 18000000-0000-0000-A509-010000000000",
          "subLogs": [],
          "duration": 487
        },
        {
          "commandName": "findElement",
          "args": [
            "By.name: login_login_btn",
            "{}"
          ],
          "result": "OK",
          "subLogs": [],
          "duration": -1
        },
        {
          "commandName": "clickElement",
          "args": [
            "By.name: login_login_btn",
            "{\"id\":\"18000000-0000-0000-A509-010000000000\"}"
          ],
          "result": "clickElement:null",
          "subLogs": [],
          "duration": 1070
        }
      ],
      "duration": -1
    },
    {
      "commandName": "addBasicExpense",
      "args": [
        "[Meal, 23.45, USD, Business]"
      ],
      "result": "success",
      "subLogs": [
        {
          "commandName": "findElement",
          "args": [
            "{value=list_add_btn, using=name}"
          ],
          "result": "id: EA000000-0000-0000-A509-010000000000",
          "subLogs": [],
          "duration": 404
        },
        {
          "commandName": "findElement",
          "args": [
            "By.name: list_add_btn",
            "{}"
          ],
          "result": "OK",
          "subLogs": [],
          "duration": -1
        },
        {
          "commandName": "clickElement",
          "args": [
            "By.name: list_add_btn",
            "{\"id\":\"EA000000-0000-0000-A509-010000000000\"}"
          ],
          "result": "clickElement:null",
          "subLogs": [],
          "duration": 1203
        },
        {
          "commandName": "findElement",
          "args": [
            "{value=edit_head, using=name}"
          ],
          "result": "id: F6000000-0000-0000-A509-010000000000",
          "subLogs": [],
          "duration": 800
        },
        {
          "commandName": "findElement",
          "args": [
            "By.name: edit_head",
            "{}"
          ],
          "result": "OK",
          "subLogs": [],
          "duration": -1
        },
        {
          "commandName": "clickElement",
          "args": [
            "By.name: edit_head",
            "{\"id\":\"F6000000-0000-0000-A509-010000000000\"}"
          ],
          "result": "clickElement:null",
          "subLogs": [],
          "duration": 1101
        },
        {
          "commandName": "findElement",
          "args": [
            "{value=//UIAPickerWheel|//XCUIElementTypePickerWheel, using=xpath}"
          ],
          "result": "id: 12010000-0000-0000-A509-010000000000",
          "subLogs": [],
          "duration": 814
        },
        {
          "commandName": "findElement",
          "args": [
            "By.xpath: //UIAPickerWheel|//XCUIElementTypePickerWheel",
            "{}"
          ],
          "result": "OK",
          "subLogs": [],
          "duration": -1
        },
        {
          "commandName": "getElementAttribute",
          "args": [
            "By.xpath: //UIAPickerWheel|//XCUIElementTypePickerWheel",
            "{\"name\":\"value\",\"id\":\"12010000-0000-0000-A509-010000000000\"}"
          ],
          "result": "getElementAttribute:- Select -",
          "subLogs": [],
          "duration": 320
        },
        {
          "commandName": "findElement",
          "args": [
            "{value=//UIAPickerWheel|//XCUIElementTypePickerWheel, using=xpath}"
          ],
          "result": "id: 12010000-0000-0000-A509-010000000000",
          "subLogs": [],
          "duration": 581
        },
        {
          "commandName": "findElement",
          "args": [
            "By.xpath: //UIAPickerWheel|//XCUIElementTypePickerWheel",
            "{}"
          ],
          "result": "OK",
          "subLogs": [],
          "duration": -1
        },
        {
          "commandName": "getElementAttribute",
          "args": [
            "By.xpath: //UIAPickerWheel|//XCUIElementTypePickerWheel",
            "{\"name\":\"value\",\"id\":\"12010000-0000-0000-A509-010000000000\"}"
          ],
          "result": "getElementAttribute:Taxi",
          "subLogs": [],
          "duration": 279
        },
        {
          "commandName": "findElement",
          "args": [
            "{value=//UIAPickerWheel|//XCUIElementTypePickerWheel, using=xpath}"
          ],
          "result": "id: 12010000-0000-0000-A509-010000000000",
          "subLogs": [],
          "duration": 505
        },
        {
          "commandName": "findElement",
          "args": [
            "By.xpath: //UIAPickerWheel|//XCUIElementTypePickerWheel",
            "{}"
          ],
          "result": "OK",
          "subLogs": [],
          "duration": -1
        },
        {
          "commandName": "getElementAttribute",
          "args": [
            "By.xpath: //UIAPickerWheel|//XCUIElementTypePickerWheel",
            "{\"name\":\"value\",\"id\":\"12010000-0000-0000-A509-010000000000\"}"
          ],
          "result": "getElementAttribute:Flight",
          "subLogs": [],
          "duration": 324
        },
        {
          "commandName": "findElement",
          "args": [
            "{value=//UIAPickerWheel|//XCUIElementTypePickerWheel, using=xpath}"
          ],
          "result": "id: 12010000-0000-0000-A509-010000000000",
          "subLogs": [],
          "duration": 919
        },
        {
          "commandName": "findElement",
          "args": [
            "By.xpath: //UIAPickerWheel|//XCUIElementTypePickerWheel",
            "{}"
          ],
          "result": "OK",
          "subLogs": [],
          "duration": -1
        },
        {
          "commandName": "getElementAttribute",
          "args": [
            "By.xpath: //UIAPickerWheel|//XCUIElementTypePickerWheel",
            "{\"name\":\"value\",\"id\":\"12010000-0000-0000-A509-010000000000\"}"
          ],
          "result": "getElementAttribute:Meal",
          "subLogs": [],
          "duration": 341
        },
        {
          "commandName": "findElement",
          "args": [
            "{value=edit_amount, using=name}"
          ],
          "result": "id: F9000000-0000-0000-A509-010000000000",
          "subLogs": [],
          "duration": 442
        },
        {
          "commandName": "findElement",
          "args": [
            "By.name: edit_amount",
            "{}"
          ],
          "result": "OK",
          "subLogs": [],
          "duration": -1
        },
        {
          "commandName": "clearElement",
          "args": [
            "By.name: edit_amount",
            "{\"id\":\"F9000000-0000-0000-A509-010000000000\"}"
          ],
          "result": "clearElement:null",
          "subLogs": [],
          "duration": 354
        },
        {
          "commandName": "findElement",
          "args": [
            "{value=edit_amount, using=name}"
          ],
          "result": "id: F9000000-0000-0000-A509-010000000000",
          "subLogs": [],
          "duration": 433
        },
        {
          "commandName": "findElement",
          "args": [
            "By.name: edit_amount",
            "{}"
          ],
          "result": "OK",
          "subLogs": [],
          "duration": -1
        },
        {
          "commandName": "sendKeysToElement",
          "args": [
            "By.name: edit_amount",
            "{\"id\":\"F9000000-0000-0000-A509-010000000000\",\"value\":[\"23.45\"]}"
          ],
          "result": "sendKeysToElement:null",
          "subLogs": [],
          "duration": 1176
        },
        {
          "commandName": "findElement",
          "args": [
            "{value=//UIATextField[3]|//XCUIElementTypeTextField[3], using=xpath}"
          ],
          "result": "id: FD000000-0000-0000-A509-010000000000",
          "subLogs": [],
          "duration": 789
        },
        {
          "commandName": "findElement",
          "args": [
            "By.xpath: //UIATextField[3]|//XCUIElementTypeTextField[3]",
            "{}"
          ],
          "result": "OK",
          "subLogs": [],
          "duration": -1
        },
        {
          "commandName": "clickElement",
          "args": [
            "By.xpath: //UIATextField[3]|//XCUIElementTypeTextField[3]",
            "{\"id\":\"FD000000-0000-0000-A509-010000000000\"}"
          ],
          "result": "clickElement:null",
          "subLogs": [],
          "duration": 823
        },
        {
          "commandName": "findElement",
          "args": [
            "{value=//UIAPickerWheel|//XCUIElementTypePickerWheel, using=xpath}"
          ],
          "result": "id: 21020000-0000-0000-A509-010000000000",
          "subLogs": [],
          "duration": 459
        },
        {
          "commandName": "findElement",
          "args": [
            "By.xpath: //UIAPickerWheel|//XCUIElementTypePickerWheel",
            "{}"
          ],
          "result": "OK",
          "subLogs": [],
          "duration": -1
        },
        {
          "commandName": "getElementAttribute",
          "args": [
            "By.xpath: //UIAPickerWheel|//XCUIElementTypePickerWheel",
            "{\"name\":\"value\",\"id\":\"21020000-0000-0000-A509-010000000000\"}"
          ],
          "result": "getElementAttribute:INR - â‚¹",
          "subLogs": [],
          "duration": 283
        },
        {
          "commandName": "findElement",
          "args": [
            "{value=//UIAPickerWheel|//XCUIElementTypePickerWheel, using=xpath}"
          ],
          "result": "id: 21020000-0000-0000-A509-010000000000",
          "subLogs": [],
          "duration": 706
        },
        {
          "commandName": "findElement",
          "args": [
            "By.xpath: //UIAPickerWheel|//XCUIElementTypePickerWheel",
            "{}"
          ],
          "result": "OK",
          "subLogs": [],
          "duration": -1
        },
        {
          "commandName": "getElementAttribute",
          "args": [
            "By.xpath: //UIAPickerWheel|//XCUIElementTypePickerWheel",
            "{\"name\":\"value\",\"id\":\"21020000-0000-0000-A509-010000000000\"}"
          ],
          "result": "getElementAttribute:USD - $",
          "subLogs": [],
          "duration": 383
        },
        {
          "commandName": "findElement",
          "args": [
            "{value=edit_category, using=name}"
          ],
          "result": "id: 00010000-0000-0000-A509-010000000000",
          "subLogs": [],
          "duration": 428
        },
        {
          "commandName": "findElement",
          "args": [
            "By.name: edit_category",
            "{}"
          ],
          "result": "OK",
          "subLogs": [],
          "duration": -1
        },
        {
          "commandName": "clickElement",
          "args": [
            "By.name: edit_category",
            "{\"id\":\"00010000-0000-0000-A509-010000000000\"}"
          ],
          "result": "clickElement:null",
          "subLogs": [],
          "duration": 729
        },
        {
          "commandName": "findElement",
          "args": [
            "{value=//UIAPickerWheel|//XCUIElementTypePickerWheel, using=xpath}"
          ],
          "result": "id: CF020000-0000-0000-A509-010000000000",
          "subLogs": [],
          "duration": 593
        },
        {
          "commandName": "findElement",
          "args": [
            "By.xpath: //UIAPickerWheel|//XCUIElementTypePickerWheel",
            "{}"
          ],
          "result": "OK",
          "subLogs": [],
          "duration": -1
        },
        {
          "commandName": "getElementAttribute",
          "args": [
            "By.xpath: //UIAPickerWheel|//XCUIElementTypePickerWheel",
            "{\"name\":\"value\",\"id\":\"CF020000-0000-0000-A509-010000000000\"}"
          ],
          "result": "getElementAttribute:- Select -",
          "subLogs": [],
          "duration": 492
        },
        {
          "commandName": "findElement",
          "args": [
            "{value=//UIAPickerWheel|//XCUIElementTypePickerWheel, using=xpath}"
          ],
          "result": "id: CF020000-0000-0000-A509-010000000000",
          "subLogs": [],
          "duration": 559
        },
        {
          "commandName": "findElement",
          "args": [
            "By.xpath: //UIAPickerWheel|//XCUIElementTypePickerWheel",
            "{}"
          ],
          "result": "OK",
          "subLogs": [],
          "duration": -1
        },
        {
          "commandName": "getElementAttribute",
          "args": [
            "By.xpath: //UIAPickerWheel|//XCUIElementTypePickerWheel",
            "{\"name\":\"value\",\"id\":\"CF020000-0000-0000-A509-010000000000\"}"
          ],
          "result": "getElementAttribute:Personal",
          "subLogs": [],
          "duration": 278
        },
        {
          "commandName": "findElement",
          "args": [
            "{value=//UIAPickerWheel|//XCUIElementTypePickerWheel, using=xpath}"
          ],
          "result": "id: CF020000-0000-0000-A509-010000000000",
          "subLogs": [],
          "duration": 602
        },
        {
          "commandName": "findElement",
          "args": [
            "By.xpath: //UIAPickerWheel|//XCUIElementTypePickerWheel",
            "{}"
          ],
          "result": "OK",
          "subLogs": [],
          "duration": -1
        },
        {
          "commandName": "getElementAttribute",
          "args": [
            "By.xpath: //UIAPickerWheel|//XCUIElementTypePickerWheel",
            "{\"name\":\"value\",\"id\":\"CF020000-0000-0000-A509-010000000000\"}"
          ],
          "result": "getElementAttribute:Business",
          "subLogs": [],
          "duration": 368
        },
        {
          "commandName": "findElement",
          "args": [
            "{value=edit_date, using=name}"
          ],
          "result": "id: 03010000-0000-0000-A509-010000000000",
          "subLogs": [],
          "duration": 508
        },
        {
          "commandName": "findElement",
          "args": [
            "By.name: edit_date",
            "{}"
          ],
          "result": "OK",
          "subLogs": [],
          "duration": -1
        },
        {
          "commandName": "clickElement",
          "args": [
            "By.name: edit_date",
            "{\"id\":\"03010000-0000-0000-A509-010000000000\"}"
          ],
          "result": "clickElement:null",
          "subLogs": [],
          "duration": 696
        }
      ],
      "duration": -1
    },
    {
      "commandName": "attachReceipt",
      "args": [
        "[]"
      ],
      "result": "fail",
      "subLogs": [
        {
          "commandName": "findElement",
          "args": [
            "{value=edit_attach, using=name}"
          ],
          "result": "id: 06010000-0000-0000-A509-010000000000",
          "subLogs": [],
          "duration": 557
        },
        {
          "commandName": "findElement",
          "args": [
            "By.name: edit_attach",
            "{}"
          ],
          "result": "OK",
          "subLogs": [],
          "duration": -1
        },
        {
          "commandName": "clickElement",
          "args": [
            "By.name: edit_attach",
            "{\"id\":\"06010000-0000-0000-A509-010000000000\"}"
          ],
          "result": "clickElement:null",
          "subLogs": [],
          "duration": 1817
        },
        {
          "commandName": "findElement",
          "args": [
            "{value=Camera, using=name}"
          ],
          "result": "id: 5D030000-0000-0000-A509-010000000000",
          "subLogs": [],
          "duration": 537
        },
        {
          "commandName": "findElement",
          "args": [
            "By.name: Camera",
            "{}"
          ],
          "result": "OK",
          "subLogs": [],
          "duration": -1
        },
        {
          "commandName": "clickElement",
          "args": [
            "By.name: Camera",
            "{\"id\":\"5D030000-0000-0000-A509-010000000000\"}"
          ],
          "result": "clickElement:null",
          "subLogs": [],
          "duration": 998
        },
        {
          "commandName": "findElement",
          "args": [
            "{value=OK, using=name}"
          ],
          "result": "An element could not be located on the page using the given search parameters.\nFor documentation on this error, please visit: https://www.seleniumhq.org/exceptions/no_such_element.html\nBuild info: version: '3.141.59', revision: 'e82be7d358', time: '2018-11-14T08:17:03'\nDriver info: io.appium.java_client.ios.IOSDriver\nCapabilities {accessToken: eyJhbGciOiJSUzI1NiIsInR5cCI..., app: PUBLIC:ExpenseTracker/Nativ..., assert_javascript_enabled: true, authenticationTenant: operator, automationName: XCUITest, browserName: , bundleId: io.perfecto.expense.tracker, cloud: demo.perfectomobile.com, cssSelectorsEnabled: true, databaseEnabled: false, deviceName: 00008103-000C44E83A33001E, deviceSessionId: stephenp@perfectomobile.com..., driverClass: io.appium.java_client.ios.I..., engineExternalExecId: 0f46af41-83b0-41a2-9fd0-50e..., entityType: appium_driver, executionId: stephenp@perfectomobile.com..., executionTenantId: demo-perfectomobile-com, host: demo.perfectomobile.com, javascriptEnabled: true, liveStreamEnabled: false, locationContextEnabled: false, model: iPad.*, networkConnectionEnabled: false, password: , platform: MAC, platformName: ios, platformVersion: 16.1.1, pureAppiumFlow: true, report.jobBranch: master, report.jobName: PerfectoDemo, report.jobNumber: 16155203, reportPdfUrl: https://demo.app.perfectomo..., scriptName: RemoteWebDriver, securityToken: , sensorInstrument: true, serverConnector: , serverHost: X.X.X.X:11603, simpleIsVisibleCheck: true, stopUrl: https://demo.perfectomobile..., takesScreenshot: true, testGridReportUrl: https://demo.app.perfectomo..., testRunWithPureAppiumFlow: false, udid: 00008103-000C44E83A33001E, user: , webStorageEnabled: false, xcuitestFindOptimizations: true}\nSession ID: ce37f120-38ea-4448-9076-9af0a52d6593\n*** Element info: {Using=name, value=OK}\nCommand duration or timeout: 0 milliseconds",
          "subLogs": [],
          "duration": 460
        },
        {
          "commandName": "findElement",
          "args": [
            "{value=OK, using=name}"
          ],
          "result": "An element could not be located on the page using the given search parameters.\nFor documentation on this error, please visit: https://www.seleniumhq.org/exceptions/no_such_element.html\nBuild info: version: '3.141.59', revision: 'e82be7d358', time: '2018-11-14T08:17:03'\nDriver info: io.appium.java_client.ios.IOSDriver\nCapabilities {accessToken: eyJhbGciOiJSUzI1NiIsInR5cCI..., app: PUBLIC:ExpenseTracker/Nativ..., assert_javascript_enabled: true, authenticationTenant: operator, automationName: XCUITest, browserName: , bundleId: io.perfecto.expense.tracker, cloud: demo.perfectomobile.com, cssSelectorsEnabled: true, databaseEnabled: false, deviceName: 00008103-000C44E83A33001E, deviceSessionId: stephenp@perfectomobile.com..., driverClass: io.appium.java_client.ios.I..., engineExternalExecId: 0f46af41-83b0-41a2-9fd0-50e..., entityType: appium_driver, executionId: stephenp@perfectomobile.com..., executionTenantId: demo-perfectomobile-com, host: demo.perfectomobile.com, javascriptEnabled: true, liveStreamEnabled: false, locationContextEnabled: false, model: iPad.*, networkConnectionEnabled: false, password: , platform: MAC, platformName: ios, platformVersion: 16.1.1, pureAppiumFlow: true, report.jobBranch: master, report.jobName: PerfectoDemo, report.jobNumber: 16155203, reportPdfUrl: https://demo.app.perfectomo..., scriptName: RemoteWebDriver, securityToken: , sensorInstrument: true, serverConnector: , serverHost: X.X.X.X:11603, simpleIsVisibleCheck: true, stopUrl: https://demo.perfectomobile..., takesScreenshot: true, testGridReportUrl: https://demo.app.perfectomo..., testRunWithPureAppiumFlow: false, udid: 00008103-000C44E83A33001E, user: , webStorageEnabled: false, xcuitestFindOptimizations: true}\nSession ID: ce37f120-38ea-4448-9076-9af0a52d6593\n*** Element info: {Using=name, value=OK}\nCommand duration or timeout: 0 milliseconds",
          "subLogs": [],
          "duration": 317
        },
        {
          "commandName": "findElement",
          "args": [
            "{value=OK, using=name}"
          ],
          "result": "An element could not be located on the page using the given search parameters.\nFor documentation on this error, please visit: https://www.seleniumhq.org/exceptions/no_such_element.html\nBuild info: version: '3.141.59', revision: 'e82be7d358', time: '2018-11-14T08:17:03'\nDriver info: io.appium.java_client.ios.IOSDriver\nCapabilities {accessToken: eyJhbGciOiJSUzI1NiIsInR5cCI..., app: PUBLIC:ExpenseTracker/Nativ..., assert_javascript_enabled: true, authenticationTenant: operator, automationName: XCUITest, browserName: , bundleId: io.perfecto.expense.tracker, cloud: demo.perfectomobile.com, cssSelectorsEnabled: true, databaseEnabled: false, deviceName: 00008103-000C44E83A33001E, deviceSessionId: stephenp@perfectomobile.com..., driverClass: io.appium.java_client.ios.I..., engineExternalExecId: 0f46af41-83b0-41a2-9fd0-50e..., entityType: appium_driver, executionId: stephenp@perfectomobile.com..., executionTenantId: demo-perfectomobile-com, host: demo.perfectomobile.com, javascriptEnabled: true, liveStreamEnabled: false, locationContextEnabled: false, model: iPad.*, networkConnectionEnabled: false, password: , platform: MAC, platformName: ios, platformVersion: 16.1.1, pureAppiumFlow: true, report.jobBranch: master, report.jobName: PerfectoDemo, report.jobNumber: 16155203, reportPdfUrl: https://demo.app.perfectomo..., scriptName: RemoteWebDriver, securityToken: , sensorInstrument: true, serverConnector: , serverHost: X.X.X.X:11603, simpleIsVisibleCheck: true, stopUrl: https://demo.perfectomobile..., takesScreenshot: true, testGridReportUrl: https://demo.app.perfectomo..., testRunWithPureAppiumFlow: false, udid: 00008103-000C44E83A33001E, user: , webStorageEnabled: false, xcuitestFindOptimizations: true}\nSession ID: ce37f120-38ea-4448-9076-9af0a52d6593\n*** Element info: {Using=name, value=OK}\nCommand duration or timeout: 0 milliseconds",
          "subLogs": [],
          "duration": 285
        },
        {
          "commandName": "findElement",
          "args": [
            "{value=OK, using=name}"
          ],
          "result": "An element could not be located on the page using the given search parameters.\nFor documentation on this error, please visit: https://www.seleniumhq.org/exceptions/no_such_element.html\nBuild info: version: '3.141.59', revision: 'e82be7d358', time: '2018-11-14T08:17:03'\nDriver info: io.appium.java_client.ios.IOSDriver\nCapabilities {accessToken: eyJhbGciOiJSUzI1NiIsInR5cCI..., app: PUBLIC:ExpenseTracker/Nativ..., assert_javascript_enabled: true, authenticationTenant: operator, automationName: XCUITest, browserName: , bundleId: io.perfecto.expense.tracker, cloud: demo.perfectomobile.com, cssSelectorsEnabled: true, databaseEnabled: false, deviceName: 00008103-000C44E83A33001E, deviceSessionId: stephenp@perfectomobile.com..., driverClass: io.appium.java_client.ios.I..., engineExternalExecId: 0f46af41-83b0-41a2-9fd0-50e..., entityType: appium_driver, executionId: stephenp@perfectomobile.com..., executionTenantId: demo-perfectomobile-com, host: demo.perfectomobile.com, javascriptEnabled: true, liveStreamEnabled: false, locationContextEnabled: false, model: iPad.*, networkConnectionEnabled: false, password: , platform: MAC, platformName: ios, platformVersion: 16.1.1, pureAppiumFlow: true, report.jobBranch: master, report.jobName: PerfectoDemo, report.jobNumber: 16155203, reportPdfUrl: https://demo.app.perfectomo..., scriptName: RemoteWebDriver, securityToken: , sensorInstrument: true, serverConnector: , serverHost: X.X.X.X:11603, simpleIsVisibleCheck: true, stopUrl: https://demo.perfectomobile..., takesScreenshot: true, testGridReportUrl: https://demo.app.perfectomo..., testRunWithPureAppiumFlow: false, udid: 00008103-000C44E83A33001E, user: , webStorageEnabled: false, xcuitestFindOptimizations: true}\nSession ID: ce37f120-38ea-4448-9076-9af0a52d6593\n*** Element info: {Using=name, value=OK}\nCommand duration or timeout: 0 milliseconds",
          "subLogs": [],
          "duration": 429
        },
        {
          "commandName": "findElement",
          "args": [
            "{value=OK, using=name}"
          ],
          "result": "An element could not be located on the page using the given search parameters.\nFor documentation on this error, please visit: https://www.seleniumhq.org/exceptions/no_such_element.html\nBuild info: version: '3.141.59', revision: 'e82be7d358', time: '2018-11-14T08:17:03'\nDriver info: io.appium.java_client.ios.IOSDriver\nCapabilities {accessToken: eyJhbGciOiJSUzI1NiIsInR5cCI..., app: PUBLIC:ExpenseTracker/Nativ..., assert_javascript_enabled: true, authenticationTenant: operator, automationName: XCUITest, browserName: , bundleId: io.perfecto.expense.tracker, cloud: demo.perfectomobile.com, cssSelectorsEnabled: true, databaseEnabled: false, deviceName: 00008103-000C44E83A33001E, deviceSessionId: stephenp@perfectomobile.com..., driverClass: io.appium.java_client.ios.I..., engineExternalExecId: 0f46af41-83b0-41a2-9fd0-50e..., entityType: appium_driver, executionId: stephenp@perfectomobile.com..., executionTenantId: demo-perfectomobile-com, host: demo.perfectomobile.com, javascriptEnabled: true, liveStreamEnabled: false, locationContextEnabled: false, model: iPad.*, networkConnectionEnabled: false, password: , platform: MAC, platformName: ios, platformVersion: 16.1.1, pureAppiumFlow: true, report.jobBranch: master, report.jobName: PerfectoDemo, report.jobNumber: 16155203, reportPdfUrl: https://demo.app.perfectomo..., scriptName: RemoteWebDriver, securityToken: , sensorInstrument: true, serverConnector: , serverHost: X.X.X.X:11603, simpleIsVisibleCheck: true, stopUrl: https://demo.perfectomobile..., takesScreenshot: true, testGridReportUrl: https://demo.app.perfectomo..., testRunWithPureAppiumFlow: false, udid: 00008103-000C44E83A33001E, user: , webStorageEnabled: false, xcuitestFindOptimizations: true}\nSession ID: ce37f120-38ea-4448-9076-9af0a52d6593\n*** Element info: {Using=name, value=OK}\nCommand duration or timeout: 0 milliseconds",
          "subLogs": [],
          "duration": 289
        },
        {
          "commandName": "findElement",
          "args": [
            "{value=OK, using=name}"
          ],
          "result": "An element could not be located on the page using the given search parameters.\nFor documentation on this error, please visit: https://www.seleniumhq.org/exceptions/no_such_element.html\nBuild info: version: '3.141.59', revision: 'e82be7d358', time: '2018-11-14T08:17:03'\nDriver info: io.appium.java_client.ios.IOSDriver\nCapabilities {accessToken: eyJhbGciOiJSUzI1NiIsInR5cCI..., app: PUBLIC:ExpenseTracker/Nativ..., assert_javascript_enabled: true, authenticationTenant: operator, automationName: XCUITest, browserName: , bundleId: io.perfecto.expense.tracker, cloud: demo.perfectomobile.com, cssSelectorsEnabled: true, databaseEnabled: false, deviceName: 00008103-000C44E83A33001E, deviceSessionId: stephenp@perfectomobile.com..., driverClass: io.appium.java_client.ios.I..., engineExternalExecId: 0f46af41-83b0-41a2-9fd0-50e..., entityType: appium_driver, executionId: stephenp@perfectomobile.com..., executionTenantId: demo-perfectomobile-com, host: demo.perfectomobile.com, javascriptEnabled: true, liveStreamEnabled: false, locationContextEnabled: false, model: iPad.*, networkConnectionEnabled: false, password: , platform: MAC, platformName: ios, platformVersion: 16.1.1, pureAppiumFlow: true, report.jobBranch: master, report.jobName: PerfectoDemo, report.jobNumber: 16155203, reportPdfUrl: https://demo.app.perfectomo..., scriptName: RemoteWebDriver, securityToken: , sensorInstrument: true, serverConnector: , serverHost: X.X.X.X:11603, simpleIsVisibleCheck: true, stopUrl: https://demo.perfectomobile..., takesScreenshot: true, testGridReportUrl: https://demo.app.perfectomo..., testRunWithPureAppiumFlow: false, udid: 00008103-000C44E83A33001E, user: , webStorageEnabled: false, xcuitestFindOptimizations: true}\nSession ID: ce37f120-38ea-4448-9076-9af0a52d6593\n*** Element info: {Using=name, value=OK}\nCommand duration or timeout: 0 milliseconds",
          "subLogs": [],
          "duration": 288
        },
        {
          "commandName": "findElement",
          "args": [
            "{value=OK, using=name}"
          ],
          "result": "An element could not be located on the page using the given search parameters.\nFor documentation on this error, please visit: https://www.seleniumhq.org/exceptions/no_such_element.html\nBuild info: version: '3.141.59', revision: 'e82be7d358', time: '2018-11-14T08:17:03'\nDriver info: io.appium.java_client.ios.IOSDriver\nCapabilities {accessToken: eyJhbGciOiJSUzI1NiIsInR5cCI..., app: PUBLIC:ExpenseTracker/Nativ..., assert_javascript_enabled: true, authenticationTenant: operator, automationName: XCUITest, browserName: , bundleId: io.perfecto.expense.tracker, cloud: demo.perfectomobile.com, cssSelectorsEnabled: true, databaseEnabled: false, deviceName: 00008103-000C44E83A33001E, deviceSessionId: stephenp@perfectomobile.com..., driverClass: io.appium.java_client.ios.I..., engineExternalExecId: 0f46af41-83b0-41a2-9fd0-50e..., entityType: appium_driver, executionId: stephenp@perfectomobile.com..., executionTenantId: demo-perfectomobile-com, host: demo.perfectomobile.com, javascriptEnabled: true, liveStreamEnabled: false, locationContextEnabled: false, model: iPad.*, networkConnectionEnabled: false, password: , platform: MAC, platformName: ios, platformVersion: 16.1.1, pureAppiumFlow: true, report.jobBranch: master, report.jobName: PerfectoDemo, report.jobNumber: 16155203, reportPdfUrl: https://demo.app.perfectomo..., scriptName: RemoteWebDriver, securityToken: , sensorInstrument: true, serverConnector: , serverHost: X.X.X.X:11603, simpleIsVisibleCheck: true, stopUrl: https://demo.perfectomobile..., takesScreenshot: true, testGridReportUrl: https://demo.app.perfectomo..., testRunWithPureAppiumFlow: false, udid: 00008103-000C44E83A33001E, user: , webStorageEnabled: false, xcuitestFindOptimizations: true}\nSession ID: ce37f120-38ea-4448-9076-9af0a52d6593\n*** Element info: {Using=name, value=OK}\nCommand duration or timeout: 0 milliseconds",
          "subLogs": [],
          "duration": 359
        },
        {
          "commandName": "findElement",
          "args": [
            "{value=OK, using=name}"
          ],
          "result": "An element could not be located on the page using the given search parameters.\nFor documentation on this error, please visit: https://www.seleniumhq.org/exceptions/no_such_element.html\nBuild info: version: '3.141.59', revision: 'e82be7d358', time: '2018-11-14T08:17:03'\nDriver info: io.appium.java_client.ios.IOSDriver\nCapabilities {accessToken: eyJhbGciOiJSUzI1NiIsInR5cCI..., app: PUBLIC:ExpenseTracker/Nativ..., assert_javascript_enabled: true, authenticationTenant: operator, automationName: XCUITest, browserName: , bundleId: io.perfecto.expense.tracker, cloud: demo.perfectomobile.com, cssSelectorsEnabled: true, databaseEnabled: false, deviceName: 00008103-000C44E83A33001E, deviceSessionId: stephenp@perfectomobile.com..., driverClass: io.appium.java_client.ios.I..., engineExternalExecId: 0f46af41-83b0-41a2-9fd0-50e..., entityType: appium_driver, executionId: stephenp@perfectomobile.com..., executionTenantId: demo-perfectomobile-com, host: demo.perfectomobile.com, javascriptEnabled: true, liveStreamEnabled: false, locationContextEnabled: false, model: iPad.*, networkConnectionEnabled: false, password: , platform: MAC, platformName: ios, platformVersion: 16.1.1, pureAppiumFlow: true, report.jobBranch: master, report.jobName: PerfectoDemo, report.jobNumber: 16155203, reportPdfUrl: https://demo.app.perfectomo..., scriptName: RemoteWebDriver, securityToken: , sensorInstrument: true, serverConnector: , serverHost: X.X.X.X:11603, simpleIsVisibleCheck: true, stopUrl: https://demo.perfectomobile..., takesScreenshot: true, testGridReportUrl: https://demo.app.perfectomo..., testRunWithPureAppiumFlow: false, udid: 00008103-000C44E83A33001E, user: , webStorageEnabled: false, xcuitestFindOptimizations: true}\nSession ID: ce37f120-38ea-4448-9076-9af0a52d6593\n*** Element info: {Using=name, value=OK}\nCommand duration or timeout: 0 milliseconds",
          "subLogs": [],
          "duration": 339
        },
        {
          "commandName": "findElement",
          "args": [
            "{value=OK, using=name}"
          ],
          "result": "An element could not be located on the page using the given search parameters.\nFor documentation on this error, please visit: https://www.seleniumhq.org/exceptions/no_such_element.html\nBuild info: version: '3.141.59', revision: 'e82be7d358', time: '2018-11-14T08:17:03'\nDriver info: io.appium.java_client.ios.IOSDriver\nCapabilities {accessToken: eyJhbGciOiJSUzI1NiIsInR5cCI..., app: PUBLIC:ExpenseTracker/Nativ..., assert_javascript_enabled: true, authenticationTenant: operator, automationName: XCUITest, browserName: , bundleId: io.perfecto.expense.tracker, cloud: demo.perfectomobile.com, cssSelectorsEnabled: true, databaseEnabled: false, deviceName: 00008103-000C44E83A33001E, deviceSessionId: stephenp@perfectomobile.com..., driverClass: io.appium.java_client.ios.I..., engineExternalExecId: 0f46af41-83b0-41a2-9fd0-50e..., entityType: appium_driver, executionId: stephenp@perfectomobile.com..., executionTenantId: demo-perfectomobile-com, host: demo.perfectomobile.com, javascriptEnabled: true, liveStreamEnabled: false, locationContextEnabled: false, model: iPad.*, networkConnectionEnabled: false, password: , platform: MAC, platformName: ios, platformVersion: 16.1.1, pureAppiumFlow: true, report.jobBranch: master, report.jobName: PerfectoDemo, report.jobNumber: 16155203, reportPdfUrl: https://demo.app.perfectomo..., scriptName: RemoteWebDriver, securityToken: , sensorInstrument: true, serverConnector: , serverHost: X.X.X.X:11603, simpleIsVisibleCheck: true, stopUrl: https://demo.perfectomobile..., takesScreenshot: true, testGridReportUrl: https://demo.app.perfectomo..., testRunWithPureAppiumFlow: false, udid: 00008103-000C44E83A33001E, user: , webStorageEnabled: false, xcuitestFindOptimizations: true}\nSession ID: ce37f120-38ea-4448-9076-9af0a52d6593\n*** Element info: {Using=name, value=OK}\nCommand duration or timeout: 0 milliseconds",
          "subLogs": [],
          "duration": 332
        },
        {
          "commandName": "findElement",
          "args": [
            "{value=OK, using=name}"
          ],
          "result": "An element could not be located on the page using the given search parameters.\nFor documentation on this error, please visit: https://www.seleniumhq.org/exceptions/no_such_element.html\nBuild info: version: '3.141.59', revision: 'e82be7d358', time: '2018-11-14T08:17:03'\nDriver info: io.appium.java_client.ios.IOSDriver\nCapabilities {accessToken: eyJhbGciOiJSUzI1NiIsInR5cCI..., app: PUBLIC:ExpenseTracker/Nativ..., assert_javascript_enabled: true, authenticationTenant: operator, automationName: XCUITest, browserName: , bundleId: io.perfecto.expense.tracker, cloud: demo.perfectomobile.com, cssSelectorsEnabled: true, databaseEnabled: false, deviceName: 00008103-000C44E83A33001E, deviceSessionId: stephenp@perfectomobile.com..., driverClass: io.appium.java_client.ios.I..., engineExternalExecId: 0f46af41-83b0-41a2-9fd0-50e..., entityType: appium_driver, executionId: stephenp@perfectomobile.com..., executionTenantId: demo-perfectomobile-com, host: demo.perfectomobile.com, javascriptEnabled: true, liveStreamEnabled: false, locationContextEnabled: false, model: iPad.*, networkConnectionEnabled: false, password: , platform: MAC, platformName: ios, platformVersion: 16.1.1, pureAppiumFlow: true, report.jobBranch: master, report.jobName: PerfectoDemo, report.jobNumber: 16155203, reportPdfUrl: https://demo.app.perfectomo..., scriptName: RemoteWebDriver, securityToken: , sensorInstrument: true, serverConnector: , serverHost: X.X.X.X:11603, simpleIsVisibleCheck: true, stopUrl: https://demo.perfectomobile..., takesScreenshot: true, testGridReportUrl: https://demo.app.perfectomo..., testRunWithPureAppiumFlow: false, udid: 00008103-000C44E83A33001E, user: , webStorageEnabled: false, xcuitestFindOptimizations: true}\nSession ID: ce37f120-38ea-4448-9076-9af0a52d6593\n*** Element info: {Using=name, value=OK}\nCommand duration or timeout: 0 milliseconds",
          "subLogs": [],
          "duration": 289
        },
        {
          "commandName": "findElement",
          "args": [
            "{value=OK, using=name}"
          ],
          "result": "An element could not be located on the page using the given search parameters.\nFor documentation on this error, please visit: https://www.seleniumhq.org/exceptions/no_such_element.html\nBuild info: version: '3.141.59', revision: 'e82be7d358', time: '2018-11-14T08:17:03'\nDriver info: io.appium.java_client.ios.IOSDriver\nCapabilities {accessToken: eyJhbGciOiJSUzI1NiIsInR5cCI..., app: PUBLIC:ExpenseTracker/Nativ..., assert_javascript_enabled: true, authenticationTenant: operator, automationName: XCUITest, browserName: , bundleId: io.perfecto.expense.tracker, cloud: demo.perfectomobile.com, cssSelectorsEnabled: true, databaseEnabled: false, deviceName: 00008103-000C44E83A33001E, deviceSessionId: stephenp@perfectomobile.com..., driverClass: io.appium.java_client.ios.I..., engineExternalExecId: 0f46af41-83b0-41a2-9fd0-50e..., entityType: appium_driver, executionId: stephenp@perfectomobile.com..., executionTenantId: demo-perfectomobile-com, host: demo.perfectomobile.com, javascriptEnabled: true, liveStreamEnabled: false, locationContextEnabled: false, model: iPad.*, networkConnectionEnabled: false, password: , platform: MAC, platformName: ios, platformVersion: 16.1.1, pureAppiumFlow: true, report.jobBranch: master, report.jobName: PerfectoDemo, report.jobNumber: 16155203, reportPdfUrl: https://demo.app.perfectomo..., scriptName: RemoteWebDriver, securityToken: , sensorInstrument: true, serverConnector: , serverHost: X.X.X.X:11603, simpleIsVisibleCheck: true, stopUrl: https://demo.perfectomobile..., takesScreenshot: true, testGridReportUrl: https://demo.app.perfectomo..., testRunWithPureAppiumFlow: false, udid: 00008103-000C44E83A33001E, user: , webStorageEnabled: false, xcuitestFindOptimizations: true}\nSession ID: ce37f120-38ea-4448-9076-9af0a52d6593\n*** Element info: {Using=name, value=OK}\nCommand duration or timeout: 0 milliseconds",
          "subLogs": [],
          "duration": 301
        },
        {
          "commandName": "findElement",
          "args": [
            "{value=OK, using=name}"
          ],
          "result": "An element could not be located on the page using the given search parameters.\nFor documentation on this error, please visit: https://www.seleniumhq.org/exceptions/no_such_element.html\nBuild info: version: '3.141.59', revision: 'e82be7d358', time: '2018-11-14T08:17:03'\nDriver info: io.appium.java_client.ios.IOSDriver\nCapabilities {accessToken: eyJhbGciOiJSUzI1NiIsInR5cCI..., app: PUBLIC:ExpenseTracker/Nativ..., assert_javascript_enabled: true, authenticationTenant: operator, automationName: XCUITest, browserName: , bundleId: io.perfecto.expense.tracker, cloud: demo.perfectomobile.com, cssSelectorsEnabled: true, databaseEnabled: false, deviceName: 00008103-000C44E83A33001E, deviceSessionId: stephenp@perfectomobile.com..., driverClass: io.appium.java_client.ios.I..., engineExternalExecId: 0f46af41-83b0-41a2-9fd0-50e..., entityType: appium_driver, executionId: stephenp@perfectomobile.com..., executionTenantId: demo-perfectomobile-com, host: demo.perfectomobile.com, javascriptEnabled: true, liveStreamEnabled: false, locationContextEnabled: false, model: iPad.*, networkConnectionEnabled: false, password: , platform: MAC, platformName: ios, platformVersion: 16.1.1, pureAppiumFlow: true, report.jobBranch: master, report.jobName: PerfectoDemo, report.jobNumber: 16155203, reportPdfUrl: https://demo.app.perfectomo..., scriptName: RemoteWebDriver, securityToken: , sensorInstrument: true, serverConnector: , serverHost: X.X.X.X:11603, simpleIsVisibleCheck: true, stopUrl: https://demo.perfectomobile..., takesScreenshot: true, testGridReportUrl: https://demo.app.perfectomo..., testRunWithPureAppiumFlow: false, udid: 00008103-000C44E83A33001E, user: , webStorageEnabled: false, xcuitestFindOptimizations: true}\nSession ID: ce37f120-38ea-4448-9076-9af0a52d6593\n*** Element info: {Using=name, value=OK}\nCommand duration or timeout: 0 milliseconds",
          "subLogs": [],
          "duration": 378
        },
        {
          "commandName": "findElement",
          "args": [
            "{value=OK, using=name}"
          ],
          "result": "An element could not be located on the page using the given search parameters.\nFor documentation on this error, please visit: https://www.seleniumhq.org/exceptions/no_such_element.html\nBuild info: version: '3.141.59', revision: 'e82be7d358', time: '2018-11-14T08:17:03'\nDriver info: io.appium.java_client.ios.IOSDriver\nCapabilities {accessToken: eyJhbGciOiJSUzI1NiIsInR5cCI..., app: PUBLIC:ExpenseTracker/Nativ..., assert_javascript_enabled: true, authenticationTenant: operator, automationName: XCUITest, browserName: , bundleId: io.perfecto.expense.tracker, cloud: demo.perfectomobile.com, cssSelectorsEnabled: true, databaseEnabled: false, deviceName: 00008103-000C44E83A33001E, deviceSessionId: stephenp@perfectomobile.com..., driverClass: io.appium.java_client.ios.I..., engineExternalExecId: 0f46af41-83b0-41a2-9fd0-50e..., entityType: appium_driver, executionId: stephenp@perfectomobile.com..., executionTenantId: demo-perfectomobile-com, host: demo.perfectomobile.com, javascriptEnabled: true, liveStreamEnabled: false, locationContextEnabled: false, model: iPad.*, networkConnectionEnabled: false, password: , platform: MAC, platformName: ios, platformVersion: 16.1.1, pureAppiumFlow: true, report.jobBranch: master, report.jobName: PerfectoDemo, report.jobNumber: 16155203, reportPdfUrl: https://demo.app.perfectomo..., scriptName: RemoteWebDriver, securityToken: , sensorInstrument: true, serverConnector: , serverHost: X.X.X.X:11603, simpleIsVisibleCheck: true, stopUrl: https://demo.perfectomobile..., takesScreenshot: true, testGridReportUrl: https://demo.app.perfectomo..., testRunWithPureAppiumFlow: false, udid: 00008103-000C44E83A33001E, user: , webStorageEnabled: false, xcuitestFindOptimizations: true}\nSession ID: ce37f120-38ea-4448-9076-9af0a52d6593\n*** Element info: {Using=name, value=OK}\nCommand duration or timeout: 0 milliseconds",
          "subLogs": [],
          "duration": 390
        },
        {
          "commandName": "findElement",
          "args": [
            "{value=OK, using=name}"
          ],
          "result": "An element could not be located on the page using the given search parameters.\nFor documentation on this error, please visit: https://www.seleniumhq.org/exceptions/no_such_element.html\nBuild info: version: '3.141.59', revision: 'e82be7d358', time: '2018-11-14T08:17:03'\nDriver info: io.appium.java_client.ios.IOSDriver\nCapabilities {accessToken: eyJhbGciOiJSUzI1NiIsInR5cCI..., app: PUBLIC:ExpenseTracker/Nativ..., assert_javascript_enabled: true, authenticationTenant: operator, automationName: XCUITest, browserName: , bundleId: io.perfecto.expense.tracker, cloud: demo.perfectomobile.com, cssSelectorsEnabled: true, databaseEnabled: false, deviceName: 00008103-000C44E83A33001E, deviceSessionId: stephenp@perfectomobile.com..., driverClass: io.appium.java_client.ios.I..., engineExternalExecId: 0f46af41-83b0-41a2-9fd0-50e..., entityType: appium_driver, executionId: stephenp@perfectomobile.com..., executionTenantId: demo-perfectomobile-com, host: demo.perfectomobile.com, javascriptEnabled: true, liveStreamEnabled: false, locationContextEnabled: false, model: iPad.*, networkConnectionEnabled: false, password: , platform: MAC, platformName: ios, platformVersion: 16.1.1, pureAppiumFlow: true, report.jobBranch: master, report.jobName: PerfectoDemo, report.jobNumber: 16155203, reportPdfUrl: https://demo.app.perfectomo..., scriptName: RemoteWebDriver, securityToken: , sensorInstrument: true, serverConnector: , serverHost: X.X.X.X:11603, simpleIsVisibleCheck: true, stopUrl: https://demo.perfectomobile..., takesScreenshot: true, testGridReportUrl: https://demo.app.perfectomo..., testRunWithPureAppiumFlow: false, udid: 00008103-000C44E83A33001E, user: , webStorageEnabled: false, xcuitestFindOptimizations: true}\nSession ID: ce37f120-38ea-4448-9076-9af0a52d6593\n*** Element info: {Using=name, value=OK}\nCommand duration or timeout: 0 milliseconds",
          "subLogs": [],
          "duration": 335
        },
        {
          "commandName": "findElement",
          "args": [
            "{value=OK, using=name}"
          ],
          "result": "An element could not be located on the page using the given search parameters.\nFor documentation on this error, please visit: https://www.seleniumhq.org/exceptions/no_such_element.html\nBuild info: version: '3.141.59', revision: 'e82be7d358', time: '2018-11-14T08:17:03'\nDriver info: io.appium.java_client.ios.IOSDriver\nCapabilities {accessToken: eyJhbGciOiJSUzI1NiIsInR5cCI..., app: PUBLIC:ExpenseTracker/Nativ..., assert_javascript_enabled: true, authenticationTenant: operator, automationName: XCUITest, browserName: , bundleId: io.perfecto.expense.tracker, cloud: demo.perfectomobile.com, cssSelectorsEnabled: true, databaseEnabled: false, deviceName: 00008103-000C44E83A33001E, deviceSessionId: stephenp@perfectomobile.com..., driverClass: io.appium.java_client.ios.I..., engineExternalExecId: 0f46af41-83b0-41a2-9fd0-50e..., entityType: appium_driver, executionId: stephenp@perfectomobile.com..., executionTenantId: demo-perfectomobile-com, host: demo.perfectomobile.com, javascriptEnabled: true, liveStreamEnabled: false, locationContextEnabled: false, model: iPad.*, networkConnectionEnabled: false, password: , platform: MAC, platformName: ios, platformVersion: 16.1.1, pureAppiumFlow: true, report.jobBranch: master, report.jobName: PerfectoDemo, report.jobNumber: 16155203, reportPdfUrl: https://demo.app.perfectomo..., scriptName: RemoteWebDriver, securityToken: , sensorInstrument: true, serverConnector: , serverHost: X.X.X.X:11603, simpleIsVisibleCheck: true, stopUrl: https://demo.perfectomobile..., takesScreenshot: true, testGridReportUrl: https://demo.app.perfectomo..., testRunWithPureAppiumFlow: false, udid: 00008103-000C44E83A33001E, user: , webStorageEnabled: false, xcuitestFindOptimizations: true}\nSession ID: ce37f120-38ea-4448-9076-9af0a52d6593\n*** Element info: {Using=name, value=OK}\nCommand duration or timeout: 0 milliseconds",
          "subLogs": [],
          "duration": 343
        },
        {
          "commandName": "findElement",
          "args": [
            "{value=OK, using=name}"
          ],
          "result": "An element could not be located on the page using the given search parameters.\nFor documentation on this error, please visit: https://www.seleniumhq.org/exceptions/no_such_element.html\nBuild info: version: '3.141.59', revision: 'e82be7d358', time: '2018-11-14T08:17:03'\nDriver info: io.appium.java_client.ios.IOSDriver\nCapabilities {accessToken: eyJhbGciOiJSUzI1NiIsInR5cCI..., app: PUBLIC:ExpenseTracker/Nativ..., assert_javascript_enabled: true, authenticationTenant: operator, automationName: XCUITest, browserName: , bundleId: io.perfecto.expense.tracker, cloud: demo.perfectomobile.com, cssSelectorsEnabled: true, databaseEnabled: false, deviceName: 00008103-000C44E83A33001E, deviceSessionId: stephenp@perfectomobile.com..., driverClass: io.appium.java_client.ios.I..., engineExternalExecId: 0f46af41-83b0-41a2-9fd0-50e..., entityType: appium_driver, executionId: stephenp@perfectomobile.com..., executionTenantId: demo-perfectomobile-com, host: demo.perfectomobile.com, javascriptEnabled: true, liveStreamEnabled: false, locationContextEnabled: false, model: iPad.*, networkConnectionEnabled: false, password: , platform: MAC, platformName: ios, platformVersion: 16.1.1, pureAppiumFlow: true, report.jobBranch: master, report.jobName: PerfectoDemo, report.jobNumber: 16155203, reportPdfUrl: https://demo.app.perfectomo..., scriptName: RemoteWebDriver, securityToken: , sensorInstrument: true, serverConnector: , serverHost: X.X.X.X:11603, simpleIsVisibleCheck: true, stopUrl: https://demo.perfectomobile..., takesScreenshot: true, testGridReportUrl: https://demo.app.perfectomo..., testRunWithPureAppiumFlow: false, udid: 00008103-000C44E83A33001E, user: , webStorageEnabled: false, xcuitestFindOptimizations: true}\nSession ID: ce37f120-38ea-4448-9076-9af0a52d6593\n*** Element info: {Using=name, value=OK}\nCommand duration or timeout: 0 milliseconds",
          "subLogs": [],
          "duration": 444
        },
        {
          "commandName": "findElement",
          "args": [
            "{value=OK, using=name}"
          ],
          "result": "An element could not be located on the page using the given search parameters.\nFor documentation on this error, please visit: https://www.seleniumhq.org/exceptions/no_such_element.html\nBuild info: version: '3.141.59', revision: 'e82be7d358', time: '2018-11-14T08:17:03'\nDriver info: io.appium.java_client.ios.IOSDriver\nCapabilities {accessToken: eyJhbGciOiJSUzI1NiIsInR5cCI..., app: PUBLIC:ExpenseTracker/Nativ..., assert_javascript_enabled: true, authenticationTenant: operator, automationName: XCUITest, browserName: , bundleId: io.perfecto.expense.tracker, cloud: demo.perfectomobile.com, cssSelectorsEnabled: true, databaseEnabled: false, deviceName: 00008103-000C44E83A33001E, deviceSessionId: stephenp@perfectomobile.com..., driverClass: io.appium.java_client.ios.I..., engineExternalExecId: 0f46af41-83b0-41a2-9fd0-50e..., entityType: appium_driver, executionId: stephenp@perfectomobile.com..., executionTenantId: demo-perfectomobile-com, host: demo.perfectomobile.com, javascriptEnabled: true, liveStreamEnabled: false, locationContextEnabled: false, model: iPad.*, networkConnectionEnabled: false, password: , platform: MAC, platformName: ios, platformVersion: 16.1.1, pureAppiumFlow: true, report.jobBranch: master, report.jobName: PerfectoDemo, report.jobNumber: 16155203, reportPdfUrl: https://demo.app.perfectomo..., scriptName: RemoteWebDriver, securityToken: , sensorInstrument: true, serverConnector: , serverHost: X.X.X.X:11603, simpleIsVisibleCheck: true, stopUrl: https://demo.perfectomobile..., takesScreenshot: true, testGridReportUrl: https://demo.app.perfectomo..., testRunWithPureAppiumFlow: false, udid: 00008103-000C44E83A33001E, user: , webStorageEnabled: false, xcuitestFindOptimizations: true}\nSession ID: ce37f120-38ea-4448-9076-9af0a52d6593\n*** Element info: {Using=name, value=OK}\nCommand duration or timeout: 0 milliseconds",
          "subLogs": [],
          "duration": 268
        },
        {
          "commandName": "findElement",
          "args": [
            "{value=OK, using=name}"
          ],
          "result": "An element could not be located on the page using the given search parameters.\nFor documentation on this error, please visit: https://www.seleniumhq.org/exceptions/no_such_element.html\nBuild info: version: '3.141.59', revision: 'e82be7d358', time: '2018-11-14T08:17:03'\nDriver info: io.appium.java_client.ios.IOSDriver\nCapabilities {accessToken: eyJhbGciOiJSUzI1NiIsInR5cCI..., app: PUBLIC:ExpenseTracker/Nativ..., assert_javascript_enabled: true, authenticationTenant: operator, automationName: XCUITest, browserName: , bundleId: io.perfecto.expense.tracker, cloud: demo.perfectomobile.com, cssSelectorsEnabled: true, databaseEnabled: false, deviceName: 00008103-000C44E83A33001E, deviceSessionId: stephenp@perfectomobile.com..., driverClass: io.appium.java_client.ios.I..., engineExternalExecId: 0f46af41-83b0-41a2-9fd0-50e..., entityType: appium_driver, executionId: stephenp@perfectomobile.com..., executionTenantId: demo-perfectomobile-com, host: demo.perfectomobile.com, javascriptEnabled: true, liveStreamEnabled: false, locationContextEnabled: false, model: iPad.*, networkConnectionEnabled: false, password: , platform: MAC, platformName: ios, platformVersion: 16.1.1, pureAppiumFlow: true, report.jobBranch: master, report.jobName: PerfectoDemo, report.jobNumber: 16155203, reportPdfUrl: https://demo.app.perfectomo..., scriptName: RemoteWebDriver, securityToken: , sensorInstrument: true, serverConnector: , serverHost: X.X.X.X:11603, simpleIsVisibleCheck: true, stopUrl: https://demo.perfectomobile..., takesScreenshot: true, testGridReportUrl: https://demo.app.perfectomo..., testRunWithPureAppiumFlow: false, udid: 00008103-000C44E83A33001E, user: , webStorageEnabled: false, xcuitestFindOptimizations: true}\nSession ID: ce37f120-38ea-4448-9076-9af0a52d6593\n*** Element info: {Using=name, value=OK}\nCommand duration or timeout: 0 milliseconds",
          "subLogs": [],
          "duration": 256
        },
        {
          "commandName": "findElement",
          "args": [
            "{value=OK, using=name}"
          ],
          "result": "An element could not be located on the page using the given search parameters.\nFor documentation on this error, please visit: https://www.seleniumhq.org/exceptions/no_such_element.html\nBuild info: version: '3.141.59', revision: 'e82be7d358', time: '2018-11-14T08:17:03'\nDriver info: io.appium.java_client.ios.IOSDriver\nCapabilities {accessToken: eyJhbGciOiJSUzI1NiIsInR5cCI..., app: PUBLIC:ExpenseTracker/Nativ..., assert_javascript_enabled: true, authenticationTenant: operator, automationName: XCUITest, browserName: , bundleId: io.perfecto.expense.tracker, cloud: demo.perfectomobile.com, cssSelectorsEnabled: true, databaseEnabled: false, deviceName: 00008103-000C44E83A33001E, deviceSessionId: stephenp@perfectomobile.com..., driverClass: io.appium.java_client.ios.I..., engineExternalExecId: 0f46af41-83b0-41a2-9fd0-50e..., entityType: appium_driver, executionId: stephenp@perfectomobile.com..., executionTenantId: demo-perfectomobile-com, host: demo.perfectomobile.com, javascriptEnabled: true, liveStreamEnabled: false, locationContextEnabled: false, model: iPad.*, networkConnectionEnabled: false, password: , platform: MAC, platformName: ios, platformVersion: 16.1.1, pureAppiumFlow: true, report.jobBranch: master, report.jobName: PerfectoDemo, report.jobNumber: 16155203, reportPdfUrl: https://demo.app.perfectomo..., scriptName: RemoteWebDriver, securityToken: , sensorInstrument: true, serverConnector: , serverHost: X.X.X.X:11603, simpleIsVisibleCheck: true, stopUrl: https://demo.perfectomobile..., takesScreenshot: true, testGridReportUrl: https://demo.app.perfectomo..., testRunWithPureAppiumFlow: false, udid: 00008103-000C44E83A33001E, user: , webStorageEnabled: false, xcuitestFindOptimizations: true}\nSession ID: ce37f120-38ea-4448-9076-9af0a52d6593\n*** Element info: {Using=name, value=OK}\nCommand duration or timeout: 0 milliseconds",
          "subLogs": [],
          "duration": 255
        },
        {
          "commandName": "findElement",
          "args": [
            "{value=OK, using=name}"
          ],
          "result": "An element could not be located on the page using the given search parameters.\nFor documentation on this error, please visit: https://www.seleniumhq.org/exceptions/no_such_element.html\nBuild info: version: '3.141.59', revision: 'e82be7d358', time: '2018-11-14T08:17:03'\nDriver info: io.appium.java_client.ios.IOSDriver\nCapabilities {accessToken: eyJhbGciOiJSUzI1NiIsInR5cCI..., app: PUBLIC:ExpenseTracker/Nativ..., assert_javascript_enabled: true, authenticationTenant: operator, automationName: XCUITest, browserName: , bundleId: io.perfecto.expense.tracker, cloud: demo.perfectomobile.com, cssSelectorsEnabled: true, databaseEnabled: false, deviceName: 00008103-000C44E83A33001E, deviceSessionId: stephenp@perfectomobile.com..., driverClass: io.appium.java_client.ios.I..., engineExternalExecId: 0f46af41-83b0-41a2-9fd0-50e..., entityType: appium_driver, executionId: stephenp@perfectomobile.com..., executionTenantId: demo-perfectomobile-com, host: demo.perfectomobile.com, javascriptEnabled: true, liveStreamEnabled: false, locationContextEnabled: false, model: iPad.*, networkConnectionEnabled: false, password: , platform: MAC, platformName: ios, platformVersion: 16.1.1, pureAppiumFlow: true, report.jobBranch: master, report.jobName: PerfectoDemo, report.jobNumber: 16155203, reportPdfUrl: https://demo.app.perfectomo..., scriptName: RemoteWebDriver, securityToken: , sensorInstrument: true, serverConnector: , serverHost: X.X.X.X:11603, simpleIsVisibleCheck: true, stopUrl: https://demo.perfectomobile..., takesScreenshot: true, testGridReportUrl: https://demo.app.perfectomo..., testRunWithPureAppiumFlow: false, udid: 00008103-000C44E83A33001E, user: , webStorageEnabled: false, xcuitestFindOptimizations: true}\nSession ID: ce37f120-38ea-4448-9076-9af0a52d6593\n*** Element info: {Using=name, value=OK}\nCommand duration or timeout: 0 milliseconds",
          "subLogs": [],
          "duration": 243
        },
        {
          "commandName": "findElement",
          "args": [
            "{value=OK, using=name}"
          ],
          "result": "An element could not be located on the page using the given search parameters.\nFor documentation on this error, please visit: https://www.seleniumhq.org/exceptions/no_such_element.html\nBuild info: version: '3.141.59', revision: 'e82be7d358', time: '2018-11-14T08:17:03'\nDriver info: io.appium.java_client.ios.IOSDriver\nCapabilities {accessToken: eyJhbGciOiJSUzI1NiIsInR5cCI..., app: PUBLIC:ExpenseTracker/Nativ..., assert_javascript_enabled: true, authenticationTenant: operator, automationName: XCUITest, browserName: , bundleId: io.perfecto.expense.tracker, cloud: demo.perfectomobile.com, cssSelectorsEnabled: true, databaseEnabled: false, deviceName: 00008103-000C44E83A33001E, deviceSessionId: stephenp@perfectomobile.com..., driverClass: io.appium.java_client.ios.I..., engineExternalExecId: 0f46af41-83b0-41a2-9fd0-50e..., entityType: appium_driver, executionId: stephenp@perfectomobile.com..., executionTenantId: demo-perfectomobile-com, host: demo.perfectomobile.com, javascriptEnabled: true, liveStreamEnabled: false, locationContextEnabled: false, model: iPad.*, networkConnectionEnabled: false, password: , platform: MAC, platformName: ios, platformVersion: 16.1.1, pureAppiumFlow: true, report.jobBranch: master, report.jobName: PerfectoDemo, report.jobNumber: 16155203, reportPdfUrl: https://demo.app.perfectomo..., scriptName: RemoteWebDriver, securityToken: , sensorInstrument: true, serverConnector: , serverHost: X.X.X.X:11603, simpleIsVisibleCheck: true, stopUrl: https://demo.perfectomobile..., takesScreenshot: true, testGridReportUrl: https://demo.app.perfectomo..., testRunWithPureAppiumFlow: false, udid: 00008103-000C44E83A33001E, user: , webStorageEnabled: false, xcuitestFindOptimizations: true}\nSession ID: ce37f120-38ea-4448-9076-9af0a52d6593\n*** Element info: {Using=name, value=OK}\nCommand duration or timeout: 0 milliseconds",
          "subLogs": [],
          "duration": 247
        },
        {
          "commandName": "findElement",
          "args": [
            "{value=OK, using=name}"
          ],
          "result": "An element could not be located on the page using the given search parameters.\nFor documentation on this error, please visit: https://www.seleniumhq.org/exceptions/no_such_element.html\nBuild info: version: '3.141.59', revision: 'e82be7d358', time: '2018-11-14T08:17:03'\nDriver info: io.appium.java_client.ios.IOSDriver\nCapabilities {accessToken: eyJhbGciOiJSUzI1NiIsInR5cCI..., app: PUBLIC:ExpenseTracker/Nativ..., assert_javascript_enabled: true, authenticationTenant: operator, automationName: XCUITest, browserName: , bundleId: io.perfecto.expense.tracker, cloud: demo.perfectomobile.com, cssSelectorsEnabled: true, databaseEnabled: false, deviceName: 00008103-000C44E83A33001E, deviceSessionId: stephenp@perfectomobile.com..., driverClass: io.appium.java_client.ios.I..., engineExternalExecId: 0f46af41-83b0-41a2-9fd0-50e..., entityType: appium_driver, executionId: stephenp@perfectomobile.com..., executionTenantId: demo-perfectomobile-com, host: demo.perfectomobile.com, javascriptEnabled: true, liveStreamEnabled: false, locationContextEnabled: false, model: iPad.*, networkConnectionEnabled: false, password: , platform: MAC, platformName: ios, platformVersion: 16.1.1, pureAppiumFlow: true, report.jobBranch: master, report.jobName: PerfectoDemo, report.jobNumber: 16155203, reportPdfUrl: https://demo.app.perfectomo..., scriptName: RemoteWebDriver, securityToken: , sensorInstrument: true, serverConnector: , serverHost: X.X.X.X:11603, simpleIsVisibleCheck: true, stopUrl: https://demo.perfectomobile..., takesScreenshot: true, testGridReportUrl: https://demo.app.perfectomo..., testRunWithPureAppiumFlow: false, udid: 00008103-000C44E83A33001E, user: , webStorageEnabled: false, xcuitestFindOptimizations: true}\nSession ID: ce37f120-38ea-4448-9076-9af0a52d6593\n*** Element info: {Using=name, value=OK}\nCommand duration or timeout: 0 milliseconds",
          "subLogs": [],
          "duration": 253
        },
        {
          "commandName": "findElement",
          "args": [
            "{value=OK, using=name}"
          ],
          "result": "An element could not be located on the page using the given search parameters.\nFor documentation on this error, please visit: https://www.seleniumhq.org/exceptions/no_such_element.html\nBuild info: version: '3.141.59', revision: 'e82be7d358', time: '2018-11-14T08:17:03'\nDriver info: io.appium.java_client.ios.IOSDriver\nCapabilities {accessToken: eyJhbGciOiJSUzI1NiIsInR5cCI..., app: PUBLIC:ExpenseTracker/Nativ..., assert_javascript_enabled: true, authenticationTenant: operator, automationName: XCUITest, browserName: , bundleId: io.perfecto.expense.tracker, cloud: demo.perfectomobile.com, cssSelectorsEnabled: true, databaseEnabled: false, deviceName: 00008103-000C44E83A33001E, deviceSessionId: stephenp@perfectomobile.com..., driverClass: io.appium.java_client.ios.I..., engineExternalExecId: 0f46af41-83b0-41a2-9fd0-50e..., entityType: appium_driver, executionId: stephenp@perfectomobile.com..., executionTenantId: demo-perfectomobile-com, host: demo.perfectomobile.com, javascriptEnabled: true, liveStreamEnabled: false, locationContextEnabled: false, model: iPad.*, networkConnectionEnabled: false, password: , platform: MAC, platformName: ios, platformVersion: 16.1.1, pureAppiumFlow: true, report.jobBranch: master, report.jobName: PerfectoDemo, report.jobNumber: 16155203, reportPdfUrl: https://demo.app.perfectomo..., scriptName: RemoteWebDriver, securityToken: , sensorInstrument: true, serverConnector: , serverHost: X.X.X.X:11603, simpleIsVisibleCheck: true, stopUrl: https://demo.perfectomobile..., takesScreenshot: true, testGridReportUrl: https://demo.app.perfectomo..., testRunWithPureAppiumFlow: false, udid: 00008103-000C44E83A33001E, user: , webStorageEnabled: false, xcuitestFindOptimizations: true}\nSession ID: ce37f120-38ea-4448-9076-9af0a52d6593\n*** Element info: {Using=name, value=OK}\nCommand duration or timeout: 0 milliseconds",
          "subLogs": [],
          "duration": 249
        },
        {
          "commandName": "findElement",
          "args": [
            "{value=OK, using=name}"
          ],
          "result": "An element could not be located on the page using the given search parameters.\nFor documentation on this error, please visit: https://www.seleniumhq.org/exceptions/no_such_element.html\nBuild info: version: '3.141.59', revision: 'e82be7d358', time: '2018-11-14T08:17:03'\nDriver info: io.appium.java_client.ios.IOSDriver\nCapabilities {accessToken: eyJhbGciOiJSUzI1NiIsInR5cCI..., app: PUBLIC:ExpenseTracker/Nativ..., assert_javascript_enabled: true, authenticationTenant: operator, automationName: XCUITest, browserName: , bundleId: io.perfecto.expense.tracker, cloud: demo.perfectomobile.com, cssSelectorsEnabled: true, databaseEnabled: false, deviceName: 00008103-000C44E83A33001E, deviceSessionId: stephenp@perfectomobile.com..., driverClass: io.appium.java_client.ios.I..., engineExternalExecId: 0f46af41-83b0-41a2-9fd0-50e..., entityType: appium_driver, executionId: stephenp@perfectomobile.com..., executionTenantId: demo-perfectomobile-com, host: demo.perfectomobile.com, javascriptEnabled: true, liveStreamEnabled: false, locationContextEnabled: false, model: iPad.*, networkConnectionEnabled: false, password: , platform: MAC, platformName: ios, platformVersion: 16.1.1, pureAppiumFlow: true, report.jobBranch: master, report.jobName: PerfectoDemo, report.jobNumber: 16155203, reportPdfUrl: https://demo.app.perfectomo..., scriptName: RemoteWebDriver, securityToken: , sensorInstrument: true, serverConnector: , serverHost: X.X.X.X:11603, simpleIsVisibleCheck: true, stopUrl: https://demo.perfectomobile..., takesScreenshot: true, testGridReportUrl: https://demo.app.perfectomo..., testRunWithPureAppiumFlow: false, udid: 00008103-000C44E83A33001E, user: , webStorageEnabled: false, xcuitestFindOptimizations: true}\nSession ID: ce37f120-38ea-4448-9076-9af0a52d6593\n*** Element info: {Using=name, value=OK}\nCommand duration or timeout: 0 milliseconds",
          "subLogs": [],
          "duration": 220
        },
        {
          "commandName": "clickElement",
          "args": [
            "By.name: OK",
            "{\"id\":\"-1\"}"
          ],
          "result": "Timed out after 30 seconds waiting for presence of element located by: By.name: OK",
          "subLogs": [],
          "duration": 2080031034
        },
        {
          "commandName": "findElements",
          "args": [
            "{value=OK, using=name}"
          ],
          "result": "[]",
          "subLogs": [],
          "duration": 246
        },
        {
          "commandName": "findElement",
          "args": [
            "{value=PhotoCapture, using=name}"
          ],
          "result": "id: 72030000-0000-0000-A509-010000000000",
          "subLogs": [],
          "duration": 314
        },
        {
          "commandName": "findElement",
          "args": [
            "By.name: PhotoCapture",
            "{}"
          ],
          "result": "OK",
          "subLogs": [],
          "duration": -1
        },
        {
          "commandName": "clickElement",
          "args": [
            "By.name: PhotoCapture",
            "{\"id\":\"72030000-0000-0000-A509-010000000000\"}"
          ],
          "result": "clickElement:null",
          "subLogs": [],
          "duration": 2841
        },
        {
          "commandName": "findElement",
          "args": [
            "{value=Use Photo, using=name}"
          ],
          "result": "An element could not be located on the page using the given search parameters.\nFor documentation on this error, please visit: https://www.seleniumhq.org/exceptions/no_such_element.html\nBuild info: version: '3.141.59', revision: 'e82be7d358', time: '2018-11-14T08:17:03'\nDriver info: io.appium.java_client.ios.IOSDriver\nCapabilities {accessToken: eyJhbGciOiJSUzI1NiIsInR5cCI..., app: PUBLIC:ExpenseTracker/Nativ..., assert_javascript_enabled: true, authenticationTenant: operator, automationName: XCUITest, browserName: , bundleId: io.perfecto.expense.tracker, cloud: demo.perfectomobile.com, cssSelectorsEnabled: true, databaseEnabled: false, deviceName: 00008103-000C44E83A33001E, deviceSessionId: stephenp@perfectomobile.com..., driverClass: io.appium.java_client.ios.I..., engineExternalExecId: 0f46af41-83b0-41a2-9fd0-50e..., entityType: appium_driver, executionId: stephenp@perfectomobile.com..., executionTenantId: demo-perfectomobile-com, host: demo.perfectomobile.com, javascriptEnabled: true, liveStreamEnabled: false, locationContextEnabled: false, model: iPad.*, networkConnectionEnabled: false, password: , platform: MAC, platformName: ios, platformVersion: 16.1.1, pureAppiumFlow: true, report.jobBranch: master, report.jobName: PerfectoDemo, report.jobNumber: 16155203, reportPdfUrl: https://demo.app.perfectomo..., scriptName: RemoteWebDriver, securityToken: , sensorInstrument: true, serverConnector: , serverHost: X.X.X.X:11603, simpleIsVisibleCheck: true, stopUrl: https://demo.perfectomobile..., takesScreenshot: true, testGridReportUrl: https://demo.app.perfectomo..., testRunWithPureAppiumFlow: false, udid: 00008103-000C44E83A33001E, user: , webStorageEnabled: false, xcuitestFindOptimizations: true}\nSession ID: ce37f120-38ea-4448-9076-9af0a52d6593\n*** Element info: {Using=name, value=Use Photo}\nCommand duration or timeout: 0 milliseconds",
          "subLogs": [],
          "duration": 273
        },
        {
          "commandName": "findElement",
          "args": [
            "{value=Use Photo, using=name}"
          ],
          "result": "An element could not be located on the page using the given search parameters.\nFor documentation on this error, please visit: https://www.seleniumhq.org/exceptions/no_such_element.html\nBuild info: version: '3.141.59', revision: 'e82be7d358', time: '2018-11-14T08:17:03'\nDriver info: io.appium.java_client.ios.IOSDriver\nCapabilities {accessToken: eyJhbGciOiJSUzI1NiIsInR5cCI..., app: PUBLIC:ExpenseTracker/Nativ..., assert_javascript_enabled: true, authenticationTenant: operator, automationName: XCUITest, browserName: , bundleId: io.perfecto.expense.tracker, cloud: demo.perfectomobile.com, cssSelectorsEnabled: true, databaseEnabled: false, deviceName: 00008103-000C44E83A33001E, deviceSessionId: stephenp@perfectomobile.com..., driverClass: io.appium.java_client.ios.I..., engineExternalExecId: 0f46af41-83b0-41a2-9fd0-50e..., entityType: appium_driver, executionId: stephenp@perfectomobile.com..., executionTenantId: demo-perfectomobile-com, host: demo.perfectomobile.com, javascriptEnabled: true, liveStreamEnabled: false, locationContextEnabled: false, model: iPad.*, networkConnectionEnabled: false, password: , platform: MAC, platformName: ios, platformVersion: 16.1.1, pureAppiumFlow: true, report.jobBranch: master, report.jobName: PerfectoDemo, report.jobNumber: 16155203, reportPdfUrl: https://demo.app.perfectomo..., scriptName: RemoteWebDriver, securityToken: , sensorInstrument: true, serverConnector: , serverHost: X.X.X.X:11603, simpleIsVisibleCheck: true, stopUrl: https://demo.perfectomobile..., takesScreenshot: true, testGridReportUrl: https://demo.app.perfectomo..., testRunWithPureAppiumFlow: false, udid: 00008103-000C44E83A33001E, user: , webStorageEnabled: false, xcuitestFindOptimizations: true}\nSession ID: ce37f120-38ea-4448-9076-9af0a52d6593\n*** Element info: {Using=name, value=Use Photo}\nCommand duration or timeout: 0 milliseconds",
          "subLogs": [],
          "duration": 267
        },
        {
          "commandName": "findElement",
          "args": [
            "{value=Use Photo, using=name}"
          ],
          "result": "An element could not be located on the page using the given search parameters.\nFor documentation on this error, please visit: https://www.seleniumhq.org/exceptions/no_such_element.html\nBuild info: version: '3.141.59', revision: 'e82be7d358', time: '2018-11-14T08:17:03'\nDriver info: io.appium.java_client.ios.IOSDriver\nCapabilities {accessToken: eyJhbGciOiJSUzI1NiIsInR5cCI..., app: PUBLIC:ExpenseTracker/Nativ..., assert_javascript_enabled: true, authenticationTenant: operator, automationName: XCUITest, browserName: , bundleId: io.perfecto.expense.tracker, cloud: demo.perfectomobile.com, cssSelectorsEnabled: true, databaseEnabled: false, deviceName: 00008103-000C44E83A33001E, deviceSessionId: stephenp@perfectomobile.com..., driverClass: io.appium.java_client.ios.I..., engineExternalExecId: 0f46af41-83b0-41a2-9fd0-50e..., entityType: appium_driver, executionId: stephenp@perfectomobile.com..., executionTenantId: demo-perfectomobile-com, host: demo.perfectomobile.com, javascriptEnabled: true, liveStreamEnabled: false, locationContextEnabled: false, model: iPad.*, networkConnectionEnabled: false, password: , platform: MAC, platformName: ios, platformVersion: 16.1.1, pureAppiumFlow: true, report.jobBranch: master, report.jobName: PerfectoDemo, report.jobNumber: 16155203, reportPdfUrl: https://demo.app.perfectomo..., scriptName: RemoteWebDriver, securityToken: , sensorInstrument: true, serverConnector: , serverHost: X.X.X.X:11603, simpleIsVisibleCheck: true, stopUrl: https://demo.perfectomobile..., takesScreenshot: true, testGridReportUrl: https://demo.app.perfectomo..., testRunWithPureAppiumFlow: false, udid: 00008103-000C44E83A33001E, user: , webStorageEnabled: false, xcuitestFindOptimizations: true}\nSession ID: ce37f120-38ea-4448-9076-9af0a52d6593\n*** Element info: {Using=name, value=Use Photo}\nCommand duration or timeout: 0 milliseconds",
          "subLogs": [],
          "duration": 289
        },
        {
          "commandName": "findElement",
          "args": [
            "{value=Use Photo, using=name}"
          ],
          "result": "An element could not be located on the page using the given search parameters.\nFor documentation on this error, please visit: https://www.seleniumhq.org/exceptions/no_such_element.html\nBuild info: version: '3.141.59', revision: 'e82be7d358', time: '2018-11-14T08:17:03'\nDriver info: io.appium.java_client.ios.IOSDriver\nCapabilities {accessToken: eyJhbGciOiJSUzI1NiIsInR5cCI..., app: PUBLIC:ExpenseTracker/Nativ..., assert_javascript_enabled: true, authenticationTenant: operator, automationName: XCUITest, browserName: , bundleId: io.perfecto.expense.tracker, cloud: demo.perfectomobile.com, cssSelectorsEnabled: true, databaseEnabled: false, deviceName: 00008103-000C44E83A33001E, deviceSessionId: stephenp@perfectomobile.com..., driverClass: io.appium.java_client.ios.I..., engineExternalExecId: 0f46af41-83b0-41a2-9fd0-50e..., entityType: appium_driver, executionId: stephenp@perfectomobile.com..., executionTenantId: demo-perfectomobile-com, host: demo.perfectomobile.com, javascriptEnabled: true, liveStreamEnabled: false, locationContextEnabled: false, model: iPad.*, networkConnectionEnabled: false, password: , platform: MAC, platformName: ios, platformVersion: 16.1.1, pureAppiumFlow: true, report.jobBranch: master, report.jobName: PerfectoDemo, report.jobNumber: 16155203, reportPdfUrl: https://demo.app.perfectomo..., scriptName: RemoteWebDriver, securityToken: , sensorInstrument: true, serverConnector: , serverHost: X.X.X.X:11603, simpleIsVisibleCheck: true, stopUrl: https://demo.perfectomobile..., takesScreenshot: true, testGridReportUrl: https://demo.app.perfectomo..., testRunWithPureAppiumFlow: false, udid: 00008103-000C44E83A33001E, user: , webStorageEnabled: false, xcuitestFindOptimizations: true}\nSession ID: ce37f120-38ea-4448-9076-9af0a52d6593\n*** Element info: {Using=name, value=Use Photo}\nCommand duration or timeout: 0 milliseconds",
          "subLogs": [],
          "duration": 268
        },
        {
          "commandName": "findElement",
          "args": [
            "{value=Use Photo, using=name}"
          ],
          "result": "An element could not be located on the page using the given search parameters.\nFor documentation on this error, please visit: https://www.seleniumhq.org/exceptions/no_such_element.html\nBuild info: version: '3.141.59', revision: 'e82be7d358', time: '2018-11-14T08:17:03'\nDriver info: io.appium.java_client.ios.IOSDriver\nCapabilities {accessToken: eyJhbGciOiJSUzI1NiIsInR5cCI..., app: PUBLIC:ExpenseTracker/Nativ..., assert_javascript_enabled: true, authenticationTenant: operator, automationName: XCUITest, browserName: , bundleId: io.perfecto.expense.tracker, cloud: demo.perfectomobile.com, cssSelectorsEnabled: true, databaseEnabled: false, deviceName: 00008103-000C44E83A33001E, deviceSessionId: stephenp@perfectomobile.com..., driverClass: io.appium.java_client.ios.I..., engineExternalExecId: 0f46af41-83b0-41a2-9fd0-50e..., entityType: appium_driver, executionId: stephenp@perfectomobile.com..., executionTenantId: demo-perfectomobile-com, host: demo.perfectomobile.com, javascriptEnabled: true, liveStreamEnabled: false, locationContextEnabled: false, model: iPad.*, networkConnectionEnabled: false, password: , platform: MAC, platformName: ios, platformVersion: 16.1.1, pureAppiumFlow: true, report.jobBranch: master, report.jobName: PerfectoDemo, report.jobNumber: 16155203, reportPdfUrl: https://demo.app.perfectomo..., scriptName: RemoteWebDriver, securityToken: , sensorInstrument: true, serverConnector: , serverHost: X.X.X.X:11603, simpleIsVisibleCheck: true, stopUrl: https://demo.perfectomobile..., takesScreenshot: true, testGridReportUrl: https://demo.app.perfectomo..., testRunWithPureAppiumFlow: false, udid: 00008103-000C44E83A33001E, user: , webStorageEnabled: false, xcuitestFindOptimizations: true}\nSession ID: ce37f120-38ea-4448-9076-9af0a52d6593\n*** Element info: {Using=name, value=Use Photo}\nCommand duration or timeout: 0 milliseconds",
          "subLogs": [],
          "duration": 262
        },
        {
          "commandName": "findElement",
          "args": [
            "{value=Use Photo, using=name}"
          ],
          "result": "An element could not be located on the page using the given search parameters.\nFor documentation on this error, please visit: https://www.seleniumhq.org/exceptions/no_such_element.html\nBuild info: version: '3.141.59', revision: 'e82be7d358', time: '2018-11-14T08:17:03'\nDriver info: io.appium.java_client.ios.IOSDriver\nCapabilities {accessToken: eyJhbGciOiJSUzI1NiIsInR5cCI..., app: PUBLIC:ExpenseTracker/Nativ..., assert_javascript_enabled: true, authenticationTenant: operator, automationName: XCUITest, browserName: , bundleId: io.perfecto.expense.tracker, cloud: demo.perfectomobile.com, cssSelectorsEnabled: true, databaseEnabled: false, deviceName: 00008103-000C44E83A33001E, deviceSessionId: stephenp@perfectomobile.com..., driverClass: io.appium.java_client.ios.I..., engineExternalExecId: 0f46af41-83b0-41a2-9fd0-50e..., entityType: appium_driver, executionId: stephenp@perfectomobile.com..., executionTenantId: demo-perfectomobile-com, host: demo.perfectomobile.com, javascriptEnabled: true, liveStreamEnabled: false, locationContextEnabled: false, model: iPad.*, networkConnectionEnabled: false, password: , platform: MAC, platformName: ios, platformVersion: 16.1.1, pureAppiumFlow: true, report.jobBranch: master, report.jobName: PerfectoDemo, report.jobNumber: 16155203, reportPdfUrl: https://demo.app.perfectomo..., scriptName: RemoteWebDriver, securityToken: , sensorInstrument: true, serverConnector: , serverHost: X.X.X.X:11603, simpleIsVisibleCheck: true, stopUrl: https://demo.perfectomobile..., takesScreenshot: true, testGridReportUrl: https://demo.app.perfectomo..., testRunWithPureAppiumFlow: false, udid: 00008103-000C44E83A33001E, user: , webStorageEnabled: false, xcuitestFindOptimizations: true}\nSession ID: ce37f120-38ea-4448-9076-9af0a52d6593\n*** Element info: {Using=name, value=Use Photo}\nCommand duration or timeout: 0 milliseconds",
          "subLogs": [],
          "duration": 712
        },
        {
          "commandName": "findElement",
          "args": [
            "{value=Use Photo, using=name}"
          ],
          "result": "An element could not be located on the page using the given search parameters.\nFor documentation on this error, please visit: https://www.seleniumhq.org/exceptions/no_such_element.html\nBuild info: version: '3.141.59', revision: 'e82be7d358', time: '2018-11-14T08:17:03'\nDriver info: io.appium.java_client.ios.IOSDriver\nCapabilities {accessToken: eyJhbGciOiJSUzI1NiIsInR5cCI..., app: PUBLIC:ExpenseTracker/Nativ..., assert_javascript_enabled: true, authenticationTenant: operator, automationName: XCUITest, browserName: , bundleId: io.perfecto.expense.tracker, cloud: demo.perfectomobile.com, cssSelectorsEnabled: true, databaseEnabled: false, deviceName: 00008103-000C44E83A33001E, deviceSessionId: stephenp@perfectomobile.com..., driverClass: io.appium.java_client.ios.I..., engineExternalExecId: 0f46af41-83b0-41a2-9fd0-50e..., entityType: appium_driver, executionId: stephenp@perfectomobile.com..., executionTenantId: demo-perfectomobile-com, host: demo.perfectomobile.com, javascriptEnabled: true, liveStreamEnabled: false, locationContextEnabled: false, model: iPad.*, networkConnectionEnabled: false, password: , platform: MAC, platformName: ios, platformVersion: 16.1.1, pureAppiumFlow: true, report.jobBranch: master, report.jobName: PerfectoDemo, report.jobNumber: 16155203, reportPdfUrl: https://demo.app.perfectomo..., scriptName: RemoteWebDriver, securityToken: , sensorInstrument: true, serverConnector: , serverHost: X.X.X.X:11603, simpleIsVisibleCheck: true, stopUrl: https://demo.perfectomobile..., takesScreenshot: true, testGridReportUrl: https://demo.app.perfectomo..., testRunWithPureAppiumFlow: false, udid: 00008103-000C44E83A33001E, user: , webStorageEnabled: false, xcuitestFindOptimizations: true}\nSession ID: ce37f120-38ea-4448-9076-9af0a52d6593\n*** Element info: {Using=name, value=Use Photo}\nCommand duration or timeout: 0 milliseconds",
          "subLogs": [],
          "duration": 251
        },
        {
          "commandName": "findElement",
          "args": [
            "{value=Use Photo, using=name}"
          ],
          "result": "An element could not be located on the page using the given search parameters.\nFor documentation on this error, please visit: https://www.seleniumhq.org/exceptions/no_such_element.html\nBuild info: version: '3.141.59', revision: 'e82be7d358', time: '2018-11-14T08:17:03'\nDriver info: io.appium.java_client.ios.IOSDriver\nCapabilities {accessToken: eyJhbGciOiJSUzI1NiIsInR5cCI..., app: PUBLIC:ExpenseTracker/Nativ..., assert_javascript_enabled: true, authenticationTenant: operator, automationName: XCUITest, browserName: , bundleId: io.perfecto.expense.tracker, cloud: demo.perfectomobile.com, cssSelectorsEnabled: true, databaseEnabled: false, deviceName: 00008103-000C44E83A33001E, deviceSessionId: stephenp@perfectomobile.com..., driverClass: io.appium.java_client.ios.I..., engineExternalExecId: 0f46af41-83b0-41a2-9fd0-50e..., entityType: appium_driver, executionId: stephenp@perfectomobile.com..., executionTenantId: demo-perfectomobile-com, host: demo.perfectomobile.com, javascriptEnabled: true, liveStreamEnabled: false, locationContextEnabled: false, model: iPad.*, networkConnectionEnabled: false, password: , platform: MAC, platformName: ios, platformVersion: 16.1.1, pureAppiumFlow: true, report.jobBranch: master, report.jobName: PerfectoDemo, report.jobNumber: 16155203, reportPdfUrl: https://demo.app.perfectomo..., scriptName: RemoteWebDriver, securityToken: , sensorInstrument: true, serverConnector: , serverHost: X.X.X.X:11603, simpleIsVisibleCheck: true, stopUrl: https://demo.perfectomobile..., takesScreenshot: true, testGridReportUrl: https://demo.app.perfectomo..., testRunWithPureAppiumFlow: false, udid: 00008103-000C44E83A33001E, user: , webStorageEnabled: false, xcuitestFindOptimizations: true}\nSession ID: ce37f120-38ea-4448-9076-9af0a52d6593\n*** Element info: {Using=name, value=Use Photo}\nCommand duration or timeout: 0 milliseconds",
          "subLogs": [],
          "duration": 259
        },
        {
          "commandName": "findElement",
          "args": [
            "{value=Use Photo, using=name}"
          ],
          "result": "An element could not be located on the page using the given search parameters.\nFor documentation on this error, please visit: https://www.seleniumhq.org/exceptions/no_such_element.html\nBuild info: version: '3.141.59', revision: 'e82be7d358', time: '2018-11-14T08:17:03'\nDriver info: io.appium.java_client.ios.IOSDriver\nCapabilities {accessToken: eyJhbGciOiJSUzI1NiIsInR5cCI..., app: PUBLIC:ExpenseTracker/Nativ..., assert_javascript_enabled: true, authenticationTenant: operator, automationName: XCUITest, browserName: , bundleId: io.perfecto.expense.tracker, cloud: demo.perfectomobile.com, cssSelectorsEnabled: true, databaseEnabled: false, deviceName: 00008103-000C44E83A33001E, deviceSessionId: stephenp@perfectomobile.com..., driverClass: io.appium.java_client.ios.I..., engineExternalExecId: 0f46af41-83b0-41a2-9fd0-50e..., entityType: appium_driver, executionId: stephenp@perfectomobile.com..., executionTenantId: demo-perfectomobile-com, host: demo.perfectomobile.com, javascriptEnabled: true, liveStreamEnabled: false, locationContextEnabled: false, model: iPad.*, networkConnectionEnabled: false, password: , platform: MAC, platformName: ios, platformVersion: 16.1.1, pureAppiumFlow: true, report.jobBranch: master, report.jobName: PerfectoDemo, report.jobNumber: 16155203, reportPdfUrl: https://demo.app.perfectomo..., scriptName: RemoteWebDriver, securityToken: , sensorInstrument: true, serverConnector: , serverHost: X.X.X.X:11603, simpleIsVisibleCheck: true, stopUrl: https://demo.perfectomobile..., takesScreenshot: true, testGridReportUrl: https://demo.app.perfectomo..., testRunWithPureAppiumFlow: false, udid: 00008103-000C44E83A33001E, user: , webStorageEnabled: false, xcuitestFindOptimizations: true}\nSession ID: ce37f120-38ea-4448-9076-9af0a52d6593\n*** Element info: {Using=name, value=Use Photo}\nCommand duration or timeout: 0 milliseconds",
          "subLogs": [],
          "duration": 265
        },
        {
          "commandName": "findElement",
          "args": [
            "{value=Use Photo, using=name}"
          ],
          "result": "An element could not be located on the page using the given search parameters.\nFor documentation on this error, please visit: https://www.seleniumhq.org/exceptions/no_such_element.html\nBuild info: version: '3.141.59', revision: 'e82be7d358', time: '2018-11-14T08:17:03'\nDriver info: io.appium.java_client.ios.IOSDriver\nCapabilities {accessToken: eyJhbGciOiJSUzI1NiIsInR5cCI..., app: PUBLIC:ExpenseTracker/Nativ..., assert_javascript_enabled: true, authenticationTenant: operator, automationName: XCUITest, browserName: , bundleId: io.perfecto.expense.tracker, cloud: demo.perfectomobile.com, cssSelectorsEnabled: true, databaseEnabled: false, deviceName: 00008103-000C44E83A33001E, deviceSessionId: stephenp@perfectomobile.com..., driverClass: io.appium.java_client.ios.I..., engineExternalExecId: 0f46af41-83b0-41a2-9fd0-50e..., entityType: appium_driver, executionId: stephenp@perfectomobile.com..., executionTenantId: demo-perfectomobile-com, host: demo.perfectomobile.com, javascriptEnabled: true, liveStreamEnabled: false, locationContextEnabled: false, model: iPad.*, networkConnectionEnabled: false, password: , platform: MAC, platformName: ios, platformVersion: 16.1.1, pureAppiumFlow: true, report.jobBranch: master, report.jobName: PerfectoDemo, report.jobNumber: 16155203, reportPdfUrl: https://demo.app.perfectomo..., scriptName: RemoteWebDriver, securityToken: , sensorInstrument: true, serverConnector: , serverHost: X.X.X.X:11603, simpleIsVisibleCheck: true, stopUrl: https://demo.perfectomobile..., takesScreenshot: true, testGridReportUrl: https://demo.app.perfectomo..., testRunWithPureAppiumFlow: false, udid: 00008103-000C44E83A33001E, user: , webStorageEnabled: false, xcuitestFindOptimizations: true}\nSession ID: ce37f120-38ea-4448-9076-9af0a52d6593\n*** Element info: {Using=name, value=Use Photo}\nCommand duration or timeout: 0 milliseconds",
          "subLogs": [],
          "duration": 269
        },
        {
          "commandName": "findElement",
          "args": [
            "{value=Use Photo, using=name}"
          ],
          "result": "An element could not be located on the page using the given search parameters.\nFor documentation on this error, please visit: https://www.seleniumhq.org/exceptions/no_such_element.html\nBuild info: version: '3.141.59', revision: 'e82be7d358', time: '2018-11-14T08:17:03'\nDriver info: io.appium.java_client.ios.IOSDriver\nCapabilities {accessToken: eyJhbGciOiJSUzI1NiIsInR5cCI..., app: PUBLIC:ExpenseTracker/Nativ..., assert_javascript_enabled: true, authenticationTenant: operator, automationName: XCUITest, browserName: , bundleId: io.perfecto.expense.tracker, cloud: demo.perfectomobile.com, cssSelectorsEnabled: true, databaseEnabled: false, deviceName: 00008103-000C44E83A33001E, deviceSessionId: stephenp@perfectomobile.com..., driverClass: io.appium.java_client.ios.I..., engineExternalExecId: 0f46af41-83b0-41a2-9fd0-50e..., entityType: appium_driver, executionId: stephenp@perfectomobile.com..., executionTenantId: demo-perfectomobile-com, host: demo.perfectomobile.com, javascriptEnabled: true, liveStreamEnabled: false, locationContextEnabled: false, model: iPad.*, networkConnectionEnabled: false, password: , platform: MAC, platformName: ios, platformVersion: 16.1.1, pureAppiumFlow: true, report.jobBranch: master, report.jobName: PerfectoDemo, report.jobNumber: 16155203, reportPdfUrl: https://demo.app.perfectomo..., scriptName: RemoteWebDriver, securityToken: , sensorInstrument: true, serverConnector: , serverHost: X.X.X.X:11603, simpleIsVisibleCheck: true, stopUrl: https://demo.perfectomobile..., takesScreenshot: true, testGridReportUrl: https://demo.app.perfectomo..., testRunWithPureAppiumFlow: false, udid: 00008103-000C44E83A33001E, user: , webStorageEnabled: false, xcuitestFindOptimizations: true}\nSession ID: ce37f120-38ea-4448-9076-9af0a52d6593\n*** Element info: {Using=name, value=Use Photo}\nCommand duration or timeout: 0 milliseconds",
          "subLogs": [],
          "duration": 235
        },
        {
          "commandName": "findElement",
          "args": [
            "{value=Use Photo, using=name}"
          ],
          "result": "An element could not be located on the page using the given search parameters.\nFor documentation on this error, please visit: https://www.seleniumhq.org/exceptions/no_such_element.html\nBuild info: version: '3.141.59', revision: 'e82be7d358', time: '2018-11-14T08:17:03'\nDriver info: io.appium.java_client.ios.IOSDriver\nCapabilities {accessToken: eyJhbGciOiJSUzI1NiIsInR5cCI..., app: PUBLIC:ExpenseTracker/Nativ..., assert_javascript_enabled: true, authenticationTenant: operator, automationName: XCUITest, browserName: , bundleId: io.perfecto.expense.tracker, cloud: demo.perfectomobile.com, cssSelectorsEnabled: true, databaseEnabled: false, deviceName: 00008103-000C44E83A33001E, deviceSessionId: stephenp@perfectomobile.com..., driverClass: io.appium.java_client.ios.I..., engineExternalExecId: 0f46af41-83b0-41a2-9fd0-50e..., entityType: appium_driver, executionId: stephenp@perfectomobile.com..., executionTenantId: demo-perfectomobile-com, host: demo.perfectomobile.com, javascriptEnabled: true, liveStreamEnabled: false, locationContextEnabled: false, model: iPad.*, networkConnectionEnabled: false, password: , platform: MAC, platformName: ios, platformVersion: 16.1.1, pureAppiumFlow: true, report.jobBranch: master, report.jobName: PerfectoDemo, report.jobNumber: 16155203, reportPdfUrl: https://demo.app.perfectomo..., scriptName: RemoteWebDriver, securityToken: , sensorInstrument: true, serverConnector: , serverHost: X.X.X.X:11603, simpleIsVisibleCheck: true, stopUrl: https://demo.perfectomobile..., takesScreenshot: true, testGridReportUrl: https://demo.app.perfectomo..., testRunWithPureAppiumFlow: false, udid: 00008103-000C44E83A33001E, user: , webStorageEnabled: false, xcuitestFindOptimizations: true}\nSession ID: ce37f120-38ea-4448-9076-9af0a52d6593\n*** Element info: {Using=name, value=Use Photo}\nCommand duration or timeout: 0 milliseconds",
          "subLogs": [],
          "duration": 246
        },
        {
          "commandName": "findElement",
          "args": [
            "{value=Use Photo, using=name}"
          ],
          "result": "An element could not be located on the page using the given search parameters.\nFor documentation on this error, please visit: https://www.seleniumhq.org/exceptions/no_such_element.html\nBuild info: version: '3.141.59', revision: 'e82be7d358', time: '2018-11-14T08:17:03'\nDriver info: io.appium.java_client.ios.IOSDriver\nCapabilities {accessToken: eyJhbGciOiJSUzI1NiIsInR5cCI..., app: PUBLIC:ExpenseTracker/Nativ..., assert_javascript_enabled: true, authenticationTenant: operator, automationName: XCUITest, browserName: , bundleId: io.perfecto.expense.tracker, cloud: demo.perfectomobile.com, cssSelectorsEnabled: true, databaseEnabled: false, deviceName: 00008103-000C44E83A33001E, deviceSessionId: stephenp@perfectomobile.com..., driverClass: io.appium.java_client.ios.I..., engineExternalExecId: 0f46af41-83b0-41a2-9fd0-50e..., entityType: appium_driver, executionId: stephenp@perfectomobile.com..., executionTenantId: demo-perfectomobile-com, host: demo.perfectomobile.com, javascriptEnabled: true, liveStreamEnabled: false, locationContextEnabled: false, model: iPad.*, networkConnectionEnabled: false, password: , platform: MAC, platformName: ios, platformVersion: 16.1.1, pureAppiumFlow: true, report.jobBranch: master, report.jobName: PerfectoDemo, report.jobNumber: 16155203, reportPdfUrl: https://demo.app.perfectomo..., scriptName: RemoteWebDriver, securityToken: , sensorInstrument: true, serverConnector: , serverHost: X.X.X.X:11603, simpleIsVisibleCheck: true, stopUrl: https://demo.perfectomobile..., takesScreenshot: true, testGridReportUrl: https://demo.app.perfectomo..., testRunWithPureAppiumFlow: false, udid: 00008103-000C44E83A33001E, user: , webStorageEnabled: false, xcuitestFindOptimizations: true}\nSession ID: ce37f120-38ea-4448-9076-9af0a52d6593\n*** Element info: {Using=name, value=Use Photo}\nCommand duration or timeout: 0 milliseconds",
          "subLogs": [],
          "duration": 267
        },
        {
          "commandName": "findElement",
          "args": [
            "{value=Use Photo, using=name}"
          ],
          "result": "An element could not be located on the page using the given search parameters.\nFor documentation on this error, please visit: https://www.seleniumhq.org/exceptions/no_such_element.html\nBuild info: version: '3.141.59', revision: 'e82be7d358', time: '2018-11-14T08:17:03'\nDriver info: io.appium.java_client.ios.IOSDriver\nCapabilities {accessToken: eyJhbGciOiJSUzI1NiIsInR5cCI..., app: PUBLIC:ExpenseTracker/Nativ..., assert_javascript_enabled: true, authenticationTenant: operator, automationName: XCUITest, browserName: , bundleId: io.perfecto.expense.tracker, cloud: demo.perfectomobile.com, cssSelectorsEnabled: true, databaseEnabled: false, deviceName: 00008103-000C44E83A33001E, deviceSessionId: stephenp@perfectomobile.com..., driverClass: io.appium.java_client.ios.I..., engineExternalExecId: 0f46af41-83b0-41a2-9fd0-50e..., entityType: appium_driver, executionId: stephenp@perfectomobile.com..., executionTenantId: demo-perfectomobile-com, host: demo.perfectomobile.com, javascriptEnabled: true, liveStreamEnabled: false, locationContextEnabled: false, model: iPad.*, networkConnectionEnabled: false, password: , platform: MAC, platformName: ios, platformVersion: 16.1.1, pureAppiumFlow: true, report.jobBranch: master, report.jobName: PerfectoDemo, report.jobNumber: 16155203, reportPdfUrl: https://demo.app.perfectomo..., scriptName: RemoteWebDriver, securityToken: , sensorInstrument: true, serverConnector: , serverHost: X.X.X.X:11603, simpleIsVisibleCheck: true, stopUrl: https://demo.perfectomobile..., takesScreenshot: true, testGridReportUrl: https://demo.app.perfectomo..., testRunWithPureAppiumFlow: false, udid: 00008103-000C44E83A33001E, user: , webStorageEnabled: false, xcuitestFindOptimizations: true}\nSession ID: ce37f120-38ea-4448-9076-9af0a52d6593\n*** Element info: {Using=name, value=Use Photo}\nCommand duration or timeout: 0 milliseconds",
          "subLogs": [],
          "duration": 264
        },
        {
          "commandName": "findElement",
          "args": [
            "{value=Use Photo, using=name}"
          ],
          "result": "An element could not be located on the page using the given search parameters.\nFor documentation on this error, please visit: https://www.seleniumhq.org/exceptions/no_such_element.html\nBuild info: version: '3.141.59', revision: 'e82be7d358', time: '2018-11-14T08:17:03'\nDriver info: io.appium.java_client.ios.IOSDriver\nCapabilities {accessToken: eyJhbGciOiJSUzI1NiIsInR5cCI..., app: PUBLIC:ExpenseTracker/Nativ..., assert_javascript_enabled: true, authenticationTenant: operator, automationName: XCUITest, browserName: , bundleId: io.perfecto.expense.tracker, cloud: demo.perfectomobile.com, cssSelectorsEnabled: true, databaseEnabled: false, deviceName: 00008103-000C44E83A33001E, deviceSessionId: stephenp@perfectomobile.com..., driverClass: io.appium.java_client.ios.I..., engineExternalExecId: 0f46af41-83b0-41a2-9fd0-50e..., entityType: appium_driver, executionId: stephenp@perfectomobile.com..., executionTenantId: demo-perfectomobile-com, host: demo.perfectomobile.com, javascriptEnabled: true, liveStreamEnabled: false, locationContextEnabled: false, model: iPad.*, networkConnectionEnabled: false, password: , platform: MAC, platformName: ios, platformVersion: 16.1.1, pureAppiumFlow: true, report.jobBranch: master, report.jobName: PerfectoDemo, report.jobNumber: 16155203, reportPdfUrl: https://demo.app.perfectomo..., scriptName: RemoteWebDriver, securityToken: , sensorInstrument: true, serverConnector: , serverHost: X.X.X.X:11603, simpleIsVisibleCheck: true, stopUrl: https://demo.perfectomobile..., takesScreenshot: true, testGridReportUrl: https://demo.app.perfectomo..., testRunWithPureAppiumFlow: false, udid: 00008103-000C44E83A33001E, user: , webStorageEnabled: false, xcuitestFindOptimizations: true}\nSession ID: ce37f120-38ea-4448-9076-9af0a52d6593\n*** Element info: {Using=name, value=Use Photo}\nCommand duration or timeout: 0 milliseconds",
          "subLogs": [],
          "duration": 253
        },
        {
          "commandName": "findElement",
          "args": [
            "{value=Use Photo, using=name}"
          ],
          "result": "An element could not be located on the page using the given search parameters.\nFor documentation on this error, please visit: https://www.seleniumhq.org/exceptions/no_such_element.html\nBuild info: version: '3.141.59', revision: 'e82be7d358', time: '2018-11-14T08:17:03'\nDriver info: io.appium.java_client.ios.IOSDriver\nCapabilities {accessToken: eyJhbGciOiJSUzI1NiIsInR5cCI..., app: PUBLIC:ExpenseTracker/Nativ..., assert_javascript_enabled: true, authenticationTenant: operator, automationName: XCUITest, browserName: , bundleId: io.perfecto.expense.tracker, cloud: demo.perfectomobile.com, cssSelectorsEnabled: true, databaseEnabled: false, deviceName: 00008103-000C44E83A33001E, deviceSessionId: stephenp@perfectomobile.com..., driverClass: io.appium.java_client.ios.I..., engineExternalExecId: 0f46af41-83b0-41a2-9fd0-50e..., entityType: appium_driver, executionId: stephenp@perfectomobile.com..., executionTenantId: demo-perfectomobile-com, host: demo.perfectomobile.com, javascriptEnabled: true, liveStreamEnabled: false, locationContextEnabled: false, model: iPad.*, networkConnectionEnabled: false, password: , platform: MAC, platformName: ios, platformVersion: 16.1.1, pureAppiumFlow: true, report.jobBranch: master, report.jobName: PerfectoDemo, report.jobNumber: 16155203, reportPdfUrl: https://demo.app.perfectomo..., scriptName: RemoteWebDriver, securityToken: , sensorInstrument: true, serverConnector: , serverHost: X.X.X.X:11603, simpleIsVisibleCheck: true, stopUrl: https://demo.perfectomobile..., takesScreenshot: true, testGridReportUrl: https://demo.app.perfectomo..., testRunWithPureAppiumFlow: false, udid: 00008103-000C44E83A33001E, user: , webStorageEnabled: false, xcuitestFindOptimizations: true}\nSession ID: ce37f120-38ea-4448-9076-9af0a52d6593\n*** Element info: {Using=name, value=Use Photo}\nCommand duration or timeout: 0 milliseconds",
          "subLogs": [],
          "duration": 256
        },
        {
          "commandName": "findElement",
          "args": [
            "{value=Use Photo, using=name}"
          ],
          "result": "An element could not be located on the page using the given search parameters.\nFor documentation on this error, please visit: https://www.seleniumhq.org/exceptions/no_such_element.html\nBuild info: version: '3.141.59', revision: 'e82be7d358', time: '2018-11-14T08:17:03'\nDriver info: io.appium.java_client.ios.IOSDriver\nCapabilities {accessToken: eyJhbGciOiJSUzI1NiIsInR5cCI..., app: PUBLIC:ExpenseTracker/Nativ..., assert_javascript_enabled: true, authenticationTenant: operator, automationName: XCUITest, browserName: , bundleId: io.perfecto.expense.tracker, cloud: demo.perfectomobile.com, cssSelectorsEnabled: true, databaseEnabled: false, deviceName: 00008103-000C44E83A33001E, deviceSessionId: stephenp@perfectomobile.com..., driverClass: io.appium.java_client.ios.I..., engineExternalExecId: 0f46af41-83b0-41a2-9fd0-50e..., entityType: appium_driver, executionId: stephenp@perfectomobile.com..., executionTenantId: demo-perfectomobile-com, host: demo.perfectomobile.com, javascriptEnabled: true, liveStreamEnabled: false, locationContextEnabled: false, model: iPad.*, networkConnectionEnabled: false, password: , platform: MAC, platformName: ios, platformVersion: 16.1.1, pureAppiumFlow: true, report.jobBranch: master, report.jobName: PerfectoDemo, report.jobNumber: 16155203, reportPdfUrl: https://demo.app.perfectomo..., scriptName: RemoteWebDriver, securityToken: , sensorInstrument: true, serverConnector: , serverHost: X.X.X.X:11603, simpleIsVisibleCheck: true, stopUrl: https://demo.perfectomobile..., takesScreenshot: true, testGridReportUrl: https://demo.app.perfectomo..., testRunWithPureAppiumFlow: false, udid: 00008103-000C44E83A33001E, user: , webStorageEnabled: false, xcuitestFindOptimizations: true}\nSession ID: ce37f120-38ea-4448-9076-9af0a52d6593\n*** Element info: {Using=name, value=Use Photo}\nCommand duration or timeout: 0 milliseconds",
          "subLogs": [],
          "duration": 251
        },
        {
          "commandName": "findElement",
          "args": [
            "{value=Use Photo, using=name}"
          ],
          "result": "An element could not be located on the page using the given search parameters.\nFor documentation on this error, please visit: https://www.seleniumhq.org/exceptions/no_such_element.html\nBuild info: version: '3.141.59', revision: 'e82be7d358', time: '2018-11-14T08:17:03'\nDriver info: io.appium.java_client.ios.IOSDriver\nCapabilities {accessToken: eyJhbGciOiJSUzI1NiIsInR5cCI..., app: PUBLIC:ExpenseTracker/Nativ..., assert_javascript_enabled: true, authenticationTenant: operator, automationName: XCUITest, browserName: , bundleId: io.perfecto.expense.tracker, cloud: demo.perfectomobile.com, cssSelectorsEnabled: true, databaseEnabled: false, deviceName: 00008103-000C44E83A33001E, deviceSessionId: stephenp@perfectomobile.com..., driverClass: io.appium.java_client.ios.I..., engineExternalExecId: 0f46af41-83b0-41a2-9fd0-50e..., entityType: appium_driver, executionId: stephenp@perfectomobile.com..., executionTenantId: demo-perfectomobile-com, host: demo.perfectomobile.com, javascriptEnabled: true, liveStreamEnabled: false, locationContextEnabled: false, model: iPad.*, networkConnectionEnabled: false, password: , platform: MAC, platformName: ios, platformVersion: 16.1.1, pureAppiumFlow: true, report.jobBranch: master, report.jobName: PerfectoDemo, report.jobNumber: 16155203, reportPdfUrl: https://demo.app.perfectomo..., scriptName: RemoteWebDriver, securityToken: , sensorInstrument: true, serverConnector: , serverHost: X.X.X.X:11603, simpleIsVisibleCheck: true, stopUrl: https://demo.perfectomobile..., takesScreenshot: true, testGridReportUrl: https://demo.app.perfectomo..., testRunWithPureAppiumFlow: false, udid: 00008103-000C44E83A33001E, user: , webStorageEnabled: false, xcuitestFindOptimizations: true}\nSession ID: ce37f120-38ea-4448-9076-9af0a52d6593\n*** Element info: {Using=name, value=Use Photo}\nCommand duration or timeout: 0 milliseconds",
          "subLogs": [],
          "duration": 280
        },
        {
          "commandName": "findElement",
          "args": [
            "{value=Use Photo, using=name}"
          ],
          "result": "An element could not be located on the page using the given search parameters.\nFor documentation on this error, please visit: https://www.seleniumhq.org/exceptions/no_such_element.html\nBuild info: version: '3.141.59', revision: 'e82be7d358', time: '2018-11-14T08:17:03'\nDriver info: io.appium.java_client.ios.IOSDriver\nCapabilities {accessToken: eyJhbGciOiJSUzI1NiIsInR5cCI..., app: PUBLIC:ExpenseTracker/Nativ..., assert_javascript_enabled: true, authenticationTenant: operator, automationName: XCUITest, browserName: , bundleId: io.perfecto.expense.tracker, cloud: demo.perfectomobile.com, cssSelectorsEnabled: true, databaseEnabled: false, deviceName: 00008103-000C44E83A33001E, deviceSessionId: stephenp@perfectomobile.com..., driverClass: io.appium.java_client.ios.I..., engineExternalExecId: 0f46af41-83b0-41a2-9fd0-50e..., entityType: appium_driver, executionId: stephenp@perfectomobile.com..., executionTenantId: demo-perfectomobile-com, host: demo.perfectomobile.com, javascriptEnabled: true, liveStreamEnabled: false, locationContextEnabled: false, model: iPad.*, networkConnectionEnabled: false, password: , platform: MAC, platformName: ios, platformVersion: 16.1.1, pureAppiumFlow: true, report.jobBranch: master, report.jobName: PerfectoDemo, report.jobNumber: 16155203, reportPdfUrl: https://demo.app.perfectomo..., scriptName: RemoteWebDriver, securityToken: , sensorInstrument: true, serverConnector: , serverHost: X.X.X.X:11603, simpleIsVisibleCheck: true, stopUrl: https://demo.perfectomobile..., takesScreenshot: true, testGridReportUrl: https://demo.app.perfectomo..., testRunWithPureAppiumFlow: false, udid: 00008103-000C44E83A33001E, user: , webStorageEnabled: false, xcuitestFindOptimizations: true}\nSession ID: ce37f120-38ea-4448-9076-9af0a52d6593\n*** Element info: {Using=name, value=Use Photo}\nCommand duration or timeout: 0 milliseconds",
          "subLogs": [],
          "duration": 263
        },
        {
          "commandName": "findElement",
          "args": [
            "{value=Use Photo, using=name}"
          ],
          "result": "An element could not be located on the page using the given search parameters.\nFor documentation on this error, please visit: https://www.seleniumhq.org/exceptions/no_such_element.html\nBuild info: version: '3.141.59', revision: 'e82be7d358', time: '2018-11-14T08:17:03'\nDriver info: io.appium.java_client.ios.IOSDriver\nCapabilities {accessToken: eyJhbGciOiJSUzI1NiIsInR5cCI..., app: PUBLIC:ExpenseTracker/Nativ..., assert_javascript_enabled: true, authenticationTenant: operator, automationName: XCUITest, browserName: , bundleId: io.perfecto.expense.tracker, cloud: demo.perfectomobile.com, cssSelectorsEnabled: true, databaseEnabled: false, deviceName: 00008103-000C44E83A33001E, deviceSessionId: stephenp@perfectomobile.com..., driverClass: io.appium.java_client.ios.I..., engineExternalExecId: 0f46af41-83b0-41a2-9fd0-50e..., entityType: appium_driver, executionId: stephenp@perfectomobile.com..., executionTenantId: demo-perfectomobile-com, host: demo.perfectomobile.com, javascriptEnabled: true, liveStreamEnabled: false, locationContextEnabled: false, model: iPad.*, networkConnectionEnabled: false, password: , platform: MAC, platformName: ios, platformVersion: 16.1.1, pureAppiumFlow: true, report.jobBranch: master, report.jobName: PerfectoDemo, report.jobNumber: 16155203, reportPdfUrl: https://demo.app.perfectomo..., scriptName: RemoteWebDriver, securityToken: , sensorInstrument: true, serverConnector: , serverHost: X.X.X.X:11603, simpleIsVisibleCheck: true, stopUrl: https://demo.perfectomobile..., takesScreenshot: true, testGridReportUrl: https://demo.app.perfectomo..., testRunWithPureAppiumFlow: false, udid: 00008103-000C44E83A33001E, user: , webStorageEnabled: false, xcuitestFindOptimizations: true}\nSession ID: ce37f120-38ea-4448-9076-9af0a52d6593\n*** Element info: {Using=name, value=Use Photo}\nCommand duration or timeout: 0 milliseconds",
          "subLogs": [],
          "duration": 265
        },
        {
          "commandName": "findElement",
          "args": [
            "{value=Use Photo, using=name}"
          ],
          "result": "An element could not be located on the page using the given search parameters.\nFor documentation on this error, please visit: https://www.seleniumhq.org/exceptions/no_such_element.html\nBuild info: version: '3.141.59', revision: 'e82be7d358', time: '2018-11-14T08:17:03'\nDriver info: io.appium.java_client.ios.IOSDriver\nCapabilities {accessToken: eyJhbGciOiJSUzI1NiIsInR5cCI..., app: PUBLIC:ExpenseTracker/Nativ..., assert_javascript_enabled: true, authenticationTenant: operator, automationName: XCUITest, browserName: , bundleId: io.perfecto.expense.tracker, cloud: demo.perfectomobile.com, cssSelectorsEnabled: true, databaseEnabled: false, deviceName: 00008103-000C44E83A33001E, deviceSessionId: stephenp@perfectomobile.com..., driverClass: io.appium.java_client.ios.I..., engineExternalExecId: 0f46af41-83b0-41a2-9fd0-50e..., entityType: appium_driver, executionId: stephenp@perfectomobile.com..., executionTenantId: demo-perfectomobile-com, host: demo.perfectomobile.com, javascriptEnabled: true, liveStreamEnabled: false, locationContextEnabled: false, model: iPad.*, networkConnectionEnabled: false, password: , platform: MAC, platformName: ios, platformVersion: 16.1.1, pureAppiumFlow: true, report.jobBranch: master, report.jobName: PerfectoDemo, report.jobNumber: 16155203, reportPdfUrl: https://demo.app.perfectomo..., scriptName: RemoteWebDriver, securityToken: , sensorInstrument: true, serverConnector: , serverHost: X.X.X.X:11603, simpleIsVisibleCheck: true, stopUrl: https://demo.perfectomobile..., takesScreenshot: true, testGridReportUrl: https://demo.app.perfectomo..., testRunWithPureAppiumFlow: false, udid: 00008103-000C44E83A33001E, user: , webStorageEnabled: false, xcuitestFindOptimizations: true}\nSession ID: ce37f120-38ea-4448-9076-9af0a52d6593\n*** Element info: {Using=name, value=Use Photo}\nCommand duration or timeout: 0 milliseconds",
          "subLogs": [],
          "duration": 250
        },
        {
          "commandName": "findElement",
          "args": [
            "{value=Use Photo, using=name}"
          ],
          "result": "An element could not be located on the page using the given search parameters.\nFor documentation on this error, please visit: https://www.seleniumhq.org/exceptions/no_such_element.html\nBuild info: version: '3.141.59', revision: 'e82be7d358', time: '2018-11-14T08:17:03'\nDriver info: io.appium.java_client.ios.IOSDriver\nCapabilities {accessToken: eyJhbGciOiJSUzI1NiIsInR5cCI..., app: PUBLIC:ExpenseTracker/Nativ..., assert_javascript_enabled: true, authenticationTenant: operator, automationName: XCUITest, browserName: , bundleId: io.perfecto.expense.tracker, cloud: demo.perfectomobile.com, cssSelectorsEnabled: true, databaseEnabled: false, deviceName: 00008103-000C44E83A33001E, deviceSessionId: stephenp@perfectomobile.com..., driverClass: io.appium.java_client.ios.I..., engineExternalExecId: 0f46af41-83b0-41a2-9fd0-50e..., entityType: appium_driver, executionId: stephenp@perfectomobile.com..., executionTenantId: demo-perfectomobile-com, host: demo.perfectomobile.com, javascriptEnabled: true, liveStreamEnabled: false, locationContextEnabled: false, model: iPad.*, networkConnectionEnabled: false, password: , platform: MAC, platformName: ios, platformVersion: 16.1.1, pureAppiumFlow: true, report.jobBranch: master, report.jobName: PerfectoDemo, report.jobNumber: 16155203, reportPdfUrl: https://demo.app.perfectomo..., scriptName: RemoteWebDriver, securityToken: , sensorInstrument: true, serverConnector: , serverHost: X.X.X.X:11603, simpleIsVisibleCheck: true, stopUrl: https://demo.perfectomobile..., takesScreenshot: true, testGridReportUrl: https://demo.app.perfectomo..., testRunWithPureAppiumFlow: false, udid: 00008103-000C44E83A33001E, user: , webStorageEnabled: false, xcuitestFindOptimizations: true}\nSession ID: ce37f120-38ea-4448-9076-9af0a52d6593\n*** Element info: {Using=name, value=Use Photo}\nCommand duration or timeout: 0 milliseconds",
          "subLogs": [],
          "duration": 256
        },
        {
          "commandName": "findElement",
          "args": [
            "{value=Use Photo, using=name}"
          ],
          "result": "An element could not be located on the page using the given search parameters.\nFor documentation on this error, please visit: https://www.seleniumhq.org/exceptions/no_such_element.html\nBuild info: version: '3.141.59', revision: 'e82be7d358', time: '2018-11-14T08:17:03'\nDriver info: io.appium.java_client.ios.IOSDriver\nCapabilities {accessToken: eyJhbGciOiJSUzI1NiIsInR5cCI..., app: PUBLIC:ExpenseTracker/Nativ..., assert_javascript_enabled: true, authenticationTenant: operator, automationName: XCUITest, browserName: , bundleId: io.perfecto.expense.tracker, cloud: demo.perfectomobile.com, cssSelectorsEnabled: true, databaseEnabled: false, deviceName: 00008103-000C44E83A33001E, deviceSessionId: stephenp@perfectomobile.com..., driverClass: io.appium.java_client.ios.I..., engineExternalExecId: 0f46af41-83b0-41a2-9fd0-50e..., entityType: appium_driver, executionId: stephenp@perfectomobile.com..., executionTenantId: demo-perfectomobile-com, host: demo.perfectomobile.com, javascriptEnabled: true, liveStreamEnabled: false, locationContextEnabled: false, model: iPad.*, networkConnectionEnabled: false, password: , platform: MAC, platformName: ios, platformVersion: 16.1.1, pureAppiumFlow: true, report.jobBranch: master, report.jobName: PerfectoDemo, report.jobNumber: 16155203, reportPdfUrl: https://demo.app.perfectomo..., scriptName: RemoteWebDriver, securityToken: , sensorInstrument: true, serverConnector: , serverHost: X.X.X.X:11603, simpleIsVisibleCheck: true, stopUrl: https://demo.perfectomobile..., takesScreenshot: true, testGridReportUrl: https://demo.app.perfectomo..., testRunWithPureAppiumFlow: false, udid: 00008103-000C44E83A33001E, user: , webStorageEnabled: false, xcuitestFindOptimizations: true}\nSession ID: ce37f120-38ea-4448-9076-9af0a52d6593\n*** Element info: {Using=name, value=Use Photo}\nCommand duration or timeout: 0 milliseconds",
          "subLogs": [],
          "duration": 257
        },
        {
          "commandName": "findElement",
          "args": [
            "{value=Use Photo, using=name}"
          ],
          "result": "An element could not be located on the page using the given search parameters.\nFor documentation on this error, please visit: https://www.seleniumhq.org/exceptions/no_such_element.html\nBuild info: version: '3.141.59', revision: 'e82be7d358', time: '2018-11-14T08:17:03'\nDriver info: io.appium.java_client.ios.IOSDriver\nCapabilities {accessToken: eyJhbGciOiJSUzI1NiIsInR5cCI..., app: PUBLIC:ExpenseTracker/Nativ..., assert_javascript_enabled: true, authenticationTenant: operator, automationName: XCUITest, browserName: , bundleId: io.perfecto.expense.tracker, cloud: demo.perfectomobile.com, cssSelectorsEnabled: true, databaseEnabled: false, deviceName: 00008103-000C44E83A33001E, deviceSessionId: stephenp@perfectomobile.com..., driverClass: io.appium.java_client.ios.I..., engineExternalExecId: 0f46af41-83b0-41a2-9fd0-50e..., entityType: appium_driver, executionId: stephenp@perfectomobile.com..., executionTenantId: demo-perfectomobile-com, host: demo.perfectomobile.com, javascriptEnabled: true, liveStreamEnabled: false, locationContextEnabled: false, model: iPad.*, networkConnectionEnabled: false, password: , platform: MAC, platformName: ios, platformVersion: 16.1.1, pureAppiumFlow: true, report.jobBranch: master, report.jobName: PerfectoDemo, report.jobNumber: 16155203, reportPdfUrl: https://demo.app.perfectomo..., scriptName: RemoteWebDriver, securityToken: , sensorInstrument: true, serverConnector: , serverHost: X.X.X.X:11603, simpleIsVisibleCheck: true, stopUrl: https://demo.perfectomobile..., takesScreenshot: true, testGridReportUrl: https://demo.app.perfectomo..., testRunWithPureAppiumFlow: false, udid: 00008103-000C44E83A33001E, user: , webStorageEnabled: false, xcuitestFindOptimizations: true}\nSession ID: ce37f120-38ea-4448-9076-9af0a52d6593\n*** Element info: {Using=name, value=Use Photo}\nCommand duration or timeout: 0 milliseconds",
          "subLogs": [],
          "duration": 258
        },
        {
          "commandName": "findElement",
          "args": [
            "{value=Use Photo, using=name}"
          ],
          "result": "An element could not be located on the page using the given search parameters.\nFor documentation on this error, please visit: https://www.seleniumhq.org/exceptions/no_such_element.html\nBuild info: version: '3.141.59', revision: 'e82be7d358', time: '2018-11-14T08:17:03'\nDriver info: io.appium.java_client.ios.IOSDriver\nCapabilities {accessToken: eyJhbGciOiJSUzI1NiIsInR5cCI..., app: PUBLIC:ExpenseTracker/Nativ..., assert_javascript_enabled: true, authenticationTenant: operator, automationName: XCUITest, browserName: , bundleId: io.perfecto.expense.tracker, cloud: demo.perfectomobile.com, cssSelectorsEnabled: true, databaseEnabled: false, deviceName: 00008103-000C44E83A33001E, deviceSessionId: stephenp@perfectomobile.com..., driverClass: io.appium.java_client.ios.I..., engineExternalExecId: 0f46af41-83b0-41a2-9fd0-50e..., entityType: appium_driver, executionId: stephenp@perfectomobile.com..., executionTenantId: demo-perfectomobile-com, host: demo.perfectomobile.com, javascriptEnabled: true, liveStreamEnabled: false, locationContextEnabled: false, model: iPad.*, networkConnectionEnabled: false, password: , platform: MAC, platformName: ios, platformVersion: 16.1.1, pureAppiumFlow: true, report.jobBranch: master, report.jobName: PerfectoDemo, report.jobNumber: 16155203, reportPdfUrl: https://demo.app.perfectomo..., scriptName: RemoteWebDriver, securityToken: , sensorInstrument: true, serverConnector: , serverHost: X.X.X.X:11603, simpleIsVisibleCheck: true, stopUrl: https://demo.perfectomobile..., takesScreenshot: true, testGridReportUrl: https://demo.app.perfectomo..., testRunWithPureAppiumFlow: false, udid: 00008103-000C44E83A33001E, user: , webStorageEnabled: false, xcuitestFindOptimizations: true}\nSession ID: ce37f120-38ea-4448-9076-9af0a52d6593\n*** Element info: {Using=name, value=Use Photo}\nCommand duration or timeout: 0 milliseconds",
          "subLogs": [],
          "duration": 247
        },
        {
          "commandName": "clickElement",
          "args": [
            "By.name: Use Photo",
            "{\"id\":\"-1\"}"
          ],
          "result": "Timed out after 30 seconds waiting for presence of element located by: By.name: Use Photo",
          "subLogs": [],
          "duration": 2080065534
        },
        {
          "commandName": "findElements",
          "args": [
            "{value=Use Photo, using=name}"
          ],
          "result": "[]",
          "subLogs": [],
          "duration": 236
        }
      ],
      "duration": -1
    },
    {
      "commandName": "Then I logout of application",
      "args": [
        "[]"
      ],
      "result": "Not Run",
      "subLogs": [],
      "duration": -1
    }
  ],
  "checkPoints": [
    {
      "message": "Given I login to Expense Tracker app with username and password",
      "type": "TestStepPass",
      "screenshot": null,
      "duration": 21333,
      "threshold": 0,
      "subCheckPoints": []
    },
    {
      "message": "And I add expense with head \"Meal\" , amount \"23.45\" , \"USD\" currency and category \"Business\"",
      "type": "TestStepPass",
      "screenshot": null,
      "duration": 24749,
      "threshold": 0,
      "subCheckPoints": []
    },
    {
      "message": "And I attach receipt",
      "type": "TestStepFail",
      "screenshot": "img/AddExpenseAfterLogin_16nmvclkhzrv264855.png",
      "duration": 79365,
      "threshold": 0,
      "subCheckPoints": [
        {
          "message": "Timed out after 30 seconds waiting for presence of element located by: By.name: Use Photo",
          "type": "Fail",
          "screenshot": null,
          "duration": 0,
          "threshold": 0,
          "subCheckPoints": []
        }
      ]
    },
    {
      "message": "Then I logout of application",
      "type": "TestStep",
      "screenshot": null,
      "duration": 0,
      "threshold": 0,
      "subCheckPoints": []
    }
  ],
  "errorTrace": "org.openqa.selenium.TimeoutException: Timed out after 30 seconds waiting for presence of element located by: By.name: Use Photo\n\tat .And I attach receipt(src/main/resources/scenarios/ExpenseTracker.feature:8)\n\tat com.qmetry.qaf.automation.ui.util.DynamicWait.until(DynamicWait.java:168)\n\tat com.qmetry.qaf.automation.ui.webdriver.QAFExtendedWebDriver.load(QAFExtendedWebDriver.java:213)\n\tat com.qmetry.qaf.automation.ui.webdriver.QAFExtendedWebElement.load(QAFExtendedWebElement.java:302)\n\tat com.qmetry.qaf.automation.ui.webdriver.QAFExtendedWebElement.execute(QAFExtendedWebElement.java:249)\n\tat org.openqa.selenium.remote.RemoteWebElement.click(RemoteWebElement.java:84)\n\tat com.perfecto.CommonUtils.click(CommonUtils.java:410)\n\tat com.quantum.steps.ExpenseTrackerStepDefs.attachReceipt(ExpenseTrackerStepDefs.java:240)\n\tat com.qmetry.qaf.automation.step.JavaStep.doExecute(JavaStep.java:150)\n\tat com.qmetry.qaf.automation.step.BaseTestStep.execute(BaseTestStep.java:149)\n\tat com.qmetry.qaf.automation.step.StringTestStep.execute(StringTestStep.java:127)\n\tat com.qmetry.qaf.automation.step.client.Scenario.execute(Scenario.java:174)\n\tat com.qmetry.qaf.automation.step.client.Scenario.scenario(Scenario.java:237)\n\tat java.util.concurrent.FutureTask.run(FutureTask.java:266)\n\tat java.util.concurrent.ThreadPoolExecutor.runWorker(ThreadPoolExecutor.java:1149)\n\tat java.util.concurrent.ThreadPoolExecutor$Worker.run(ThreadPoolExecutor.java:624)\n\tat java.lang.Thread.run(Thread.java:748)\nCaused by: org.openqa.selenium.NoSuchElementException: An element could not be located on the page using the given search parameters.\nFor documentation on this error, please visit: https://www.seleniumhq.org/exceptions/no_such_element.html\nBuild info: version: '3.141.59', revision: 'e82be7d358', time: '2018-11-14T08:17:03'\nDriver info: io.appium.java_client.ios.IOSDriver\nCapabilities {accessToken: eyJhbGciOiJSUzI1NiIsInR5cCI..., app: PUBLIC:ExpenseTracker/Nativ..., assert_javascript_enabled: true, authenticationTenant: operator, automationName: XCUITest, browserName: , bundleId: io.perfecto.expense.tracker, cloud: demo.perfectomobile.com, cssSelectorsEnabled: true, databaseEnabled: false, deviceName: 00008103-000C44E83A33001E, deviceSessionId: stephenp@perfectomobile.com..., driverClass: io.appium.java_client.ios.I..., engineExternalExecId: 0f46af41-83b0-41a2-9fd0-50e..., entityType: appium_driver, executionId: stephenp@perfectomobile.com..., executionTenantId: demo-perfectomobile-com, host: demo.perfectomobile.com, javascriptEnabled: true, liveStreamEnabled: false, locationContextEnabled: false, model: iPad.*, networkConnectionEnabled: false, password: , platform: MAC, platformName: ios, platformVersion: 16.1.1, pureAppiumFlow: true, report.jobBranch: master, report.jobName: PerfectoDemo, report.jobNumber: 16155203, reportPdfUrl: https://demo.app.perfectomo..., scriptName: RemoteWebDriver, securityToken: , sensorInstrument: true, serverConnector: , serverHost: X.X.X.X:11603, simpleIsVisibleCheck: true, stopUrl: https://demo.perfectomobile..., takesScreenshot: true, testGridReportUrl: https://demo.app.perfectomo..., testRunWithPureAppiumFlow: false, udid: 00008103-000C44E83A33001E, user: , webStorageEnabled: false, xcuitestFindOptimizations: true}\nSession ID: ce37f120-38ea-4448-9076-9af0a52d6593\n*** Element info: {Using=name, value=Use Photo}\nCommand duration or timeout: 0 milliseconds\n\tat sun.reflect.GeneratedConstructorAccessor86.newInstance(Unknown Source)\n\tat sun.reflect.DelegatingConstructorAccessorImpl.newInstance(DelegatingConstructorAccessorImpl.java:45)\n\tat java.lang.reflect.Constructor.newInstance(Constructor.java:423)\n\tat org.openqa.selenium.remote.ErrorHandler.createThrowable(ErrorHandler.java:214)\n\tat org.openqa.selenium.remote.ErrorHandler.throwIfResponseFailed(ErrorHandler.java:166)\n\tat org.openqa.selenium.remote.http.JsonHttpResponseCodec.reconstructValue(JsonHttpResponseCodec.java:40)\n\tat org.openqa.selenium.remote.http.AbstractHttpResponseCodec.decode(AbstractHttpResponseCodec.java:80)\n\tat org.openqa.selenium.remote.http.AbstractHttpResponseCodec.decode(AbstractHttpResponseCodec.java:44)\n\tat org.openqa.selenium.remote.HttpCommandExecutor.execute(HttpCommandExecutor.java:158)\n\tat io.appium.java_client.remote.AppiumCommandExecutor.execute(AppiumCommandExecutor.java:239)\n\tat org.openqa.selenium.remote.RemoteWebDriver.execute(RemoteWebDriver.java:552)\n\tat com.qmetry.qaf.automation.ui.webdriver.QAFExtendedWebDriver.execute(QAFExtendedWebDriver.java:233)\n\tat org.openqa.selenium.remote.RemoteWebDriver.findElement(RemoteWebDriver.java:323)\n\tat org.openqa.selenium.remote.RemoteWebDriver.findElementByName(RemoteWebDriver.java:404)\n\tat com.qmetry.qaf.automation.ui.webdriver.QAFExtendedWebDriver.findElementByName(QAFExtendedWebDriver.java:381)\n\tat com.qmetry.qaf.automation.ui.webdriver.QAFExtendedWebDriver.findElementByName(QAFExtendedWebDriver.java:78)\n\tat org.openqa.selenium.By$ByName.findElement(By.java:284)\n\tat org.openqa.selenium.remote.RemoteWebDriver.findElement(RemoteWebDriver.java:315)\n\tat com.qmetry.qaf.automation.ui.webdriver.QAFExtendedWebDriver.findElement(QAFExtendedWebDriver.java:169)\n\tat com.qmetry.qaf.automation.ui.webdriver.QAFExtendedWebDriver.findElement(QAFExtendedWebDriver.java:78)\n\tat org.openqa.selenium.support.ui.ExpectedConditions$6.apply(ExpectedConditions.java:182)\n\tat org.openqa.selenium.support.ui.ExpectedConditions$6.apply(ExpectedConditions.java:179)\n\tat com.qmetry.qaf.automation.ui.util.DynamicWait.until(DynamicWait.java:147)\n\tat com.qmetry.qaf.automation.ui.webdriver.QAFExtendedWebDriver.load(QAFExtendedWebDriver.java:213)\n\tat com.qmetry.qaf.automation.ui.webdriver.QAFExtendedWebElement.load(QAFExtendedWebElement.java:302)\n\tat com.qmetry.qaf.automation.ui.webdriver.QAFExtendedWebElement.execute(QAFExtendedWebElement.java:249)\n\tat org.openqa.selenium.remote.RemoteWebElement.click(RemoteWebElement.java:84)\n\tat com.perfecto.CommonUtils.click(CommonUtils.java:410)\n\tat com.quantum.steps.ExpenseTrackerStepDefs.attachReceipt(ExpenseTrackerStepDefs.java:240)\n\tat sun.reflect.NativeMethodAccessorImpl.invoke0(Native Method)\n\tat sun.reflect.NativeMethodAccessorImpl.invoke(NativeMethodAccessorImpl.java:62)\n\tat sun.reflect.DelegatingMethodAccessorImpl.invoke(DelegatingMethodAccessorImpl.java:43)\n\tat java.lang.reflect.Method.invoke(Method.java:498)\n\tat com.qmetry.qaf.automation.step.JavaStep.doExecute(JavaStep.java:150)\n\tat com.qmetry.qaf.automation.step.BaseTestStep.execute(BaseTestStep.java:149)\n\tat com.qmetry.qaf.automation.step.StringTestStep.execute(StringTestStep.java:127)\n\tat com.qmetry.qaf.automation.step.client.Scenario.execute(Scenario.java:174)\n\tat com.qmetry.qaf.automation.step.client.Scenario.scenario(Scenario.java:237)\n\tat sun.reflect.NativeMethodAccessorImpl.invoke0(Native Method)\n\tat sun.reflect.NativeMethodAccessorImpl.invoke(NativeMethodAccessorImpl.java:62)\n\tat sun.reflect.DelegatingMethodAccessorImpl.invoke(DelegatingMethodAccessorImpl.java:43)\n\tat java.lang.reflect.Method.invoke(Method.java:498)\n\tat org.testng.internal.MethodInvocationHelper.invokeMethod(MethodInvocationHelper.java:104)\n\tat org.testng.internal.Invoker.invokeMethod(Invoker.java:645)\n\tat org.testng.internal.Invoker.invokeTestMethod(Invoker.java:851)\n\tat org.testng.internal.Invoker.invokeTestMethods(Invoker.java:1177)\n\tat org.testng.internal.TestMethodWorker.invokeTestMethods(TestMethodWorker.java:129)\n\tat org.testng.internal.TestMethodWorker.run(TestMethodWorker.java:112)\n\tat org.testng.TestRunner.privateRun(TestRunner.java:778)\n\tat org.testng.TestRunner.run(TestRunner.java:632)\n\tat org.testng.SuiteRunner.runTest(SuiteRunner.java:387)\n\tat org.testng.SuiteRunner.access$000(SuiteRunner.java:39)\n\tat org.testng.SuiteRunner$SuiteWorker.run(SuiteRunner.java:421)\n\tat org.testng.internal.thread.ThreadUtil$2.call(ThreadUtil.java:64)\n\t... 4 more\nCaused by: org.openqa.selenium.NoSuchElementException: An element could not be located on the page using the given search parameters.\nFor documentation on this error, please visit: https://www.seleniumhq.org/exceptions/no_such_element.html\nBuild info: version: '3.141.59', revision: 'e82be7d358', time: '2018-11-14T08:17:03'\nDriver info: io.appium.java_client.ios.IOSDriver\nCapabilities {accessToken: eyJhbGciOiJSUzI1NiIsInR5cCI..., app: PUBLIC:ExpenseTracker/Nativ..., assert_javascript_enabled: true, authenticationTenant: operator, automationName: XCUITest, browserName: , bundleId: io.perfecto.expense.tracker, cloud: demo.perfectomobile.com, cssSelectorsEnabled: true, databaseEnabled: false, deviceName: 00008103-000C44E83A33001E, deviceSessionId: stephenp@perfectomobile.com..., driverClass: io.appium.java_client.ios.I..., engineExternalExecId: 0f46af41-83b0-41a2-9fd0-50e..., entityType: appium_driver, executionId: stephenp@perfectomobile.com..., executionTenantId: demo-perfectomobile-com, host: demo.perfectomobile.com, javascriptEnabled: true, liveStreamEnabled: false, locationContextEnabled: false, model: iPad.*, networkConnectionEnabled: false, password: , platform: MAC, platformName: ios, platformVersion: 16.1.1, pureAppiumFlow: true, report.jobBranch: master, report.jobName: PerfectoDemo, report.jobNumber: 16155203, reportPdfUrl: https://demo.app.perfectomo..., scriptName: RemoteWebDriver, securityToken: , sensorInstrument: true, serverConnector: , serverHost: X.X.X.X:11603, simpleIsVisibleCheck: true, stopUrl: https://demo.perfectomobile..., takesScreenshot: true, testGridReportUrl: https://demo.app.perfectomo..., testRunWithPureAppiumFlow: false, udid: 00008103-000C44E83A33001E, user: , webStorageEnabled: false, xcuitestFindOptimizations: true}\nSession ID: ce37f120-38ea-4448-9076-9af0a52d6593\n*** Element info: {Using=name, value=Use Photo}\nFor documentation on this error, please visit: https://www.seleniumhq.org/exceptions/no_such_element.html\nBuild info: version: '3.141.59', revision: 'e82be7d358', time: '2018-11-14T08:17:03'\nSystem info: host: 'spenn0821', ip: '2600:1700:8df0:2160:c1fa:caee:806b:6ac0%en0', os.name: 'Mac OS X', os.arch: 'x86_64', os.version: '10.16', java.version: '1.8.0_202'\nDriver info: driver.version: IOSDriver\n\tat sun.reflect.GeneratedConstructorAccessor1790.newInstance(Unknown Source)\n\tat sun.reflect.DelegatingConstructorAccessorImpl.newInstance(DelegatingConstructorAccessorImpl.java:45)\n\tat java.lang.reflect.Constructor.newInstance(Constructor.java:423)\n\tat org.openqa.selenium.remote.http.W3CHttpResponseCodec.createException(W3CHttpResponseCodec.java:187)\n\tat org.openqa.selenium.remote.http.W3CHttpResponseCodec.decode(W3CHttpResponseCodec.java:122)\n\tat org.openqa.selenium.remote.http.W3CHttpResponseCodec.decode(W3CHttpResponseCodec.java:49)\n\tat org.openqa.selenium.remote.HttpCommandExecutor.execute(HttpCommandExecutor.java:158)\n\tat io.appium.java_client.remote.AppiumCommandExecutor.execute(AppiumCommandExecutor.java:239)\n\tat org.openqa.selenium.remote.RemoteWebDriver.execute(RemoteWebDriver.java:552)\n\tat io.appium.java_client.DefaultGenericMobileDriver.execute(DefaultGenericMobileDriver.java:41)\n\tat io.appium.java_client.AppiumDriver.execute(AppiumDriver.java:1)\n\tat io.appium.java_client.ios.IOSDriver.execute(IOSDriver.java:1)\n\tat org.openqa.selenium.remote.RemoteWebDriver.findElement(RemoteWebDriver.java:323)\n\tat io.appium.java_client.DefaultGenericMobileDriver.findElement(DefaultGenericMobileDriver.java:61)\n\tat io.appium.java_client.AppiumDriver.findElement(AppiumDriver.java:1)\n\tat io.appium.java_client.ios.IOSDriver.findElement(IOSDriver.java:1)\n\tat org.openqa.selenium.remote.RemoteWebDriver.findElementByName(RemoteWebDriver.java:404)\n\tat io.appium.java_client.DefaultGenericMobileDriver.findElementByName(DefaultGenericMobileDriver.java:117)\n\tat io.appium.java_client.AppiumDriver.findElementByName(AppiumDriver.java:1)\n\tat io.appium.java_client.ios.IOSDriver.findElementByName(IOSDriver.java:1)\n\tat org.openqa.selenium.By$ByName.findElement(By.java:284)\n\tat org.openqa.selenium.remote.RemoteWebDriver.findElement(RemoteWebDriver.java:315)\n\tat io.appium.java_client.DefaultGenericMobileDriver.findElement(DefaultGenericMobileDriver.java:57)\n\tat io.appium.java_client.AppiumDriver.findElement(AppiumDriver.java:1)\n\tat io.appium.java_client.ios.IOSDriver.findElement(IOSDriver.java:1)\n\tat com.perfectomobile.selenium.server.appium.AppiumIOSDriverWrapper$2.call(AppiumIOSDriverWrapper.java:94)\n\tat com.nexperience.function.execute.ExecuteCallableCommand.process(ExecuteCallableCommand.java:30)\n\tat com.nexperience.engine.script.command.AbstractScriptCommand.doExecute(AbstractScriptCommand.java:175)\n\tat com.nexperience.engine.script.command.ScriptCommandBase.execute(ScriptCommandBase.java:106)\n\tat com.nexperience.engine.script.tcl.event.CommandTclEvent.processEvent(CommandTclEvent.java:43)\n\tat com.nexperience.engine.script.tcl.event.MaseTclEvent.processEvent(MaseTclEvent.java:56)\n\tat tcl.lang.Notifier.serviceEvent(Notifier.java:457)\n\tat tcl.lang.Notifier.doOneEvent(Notifier.java:610)\n\tat tcl.lang.Notifier.processTclEvents(Notifier.java:786)\n\tat com.nexperience.engine.script.tcl.event.TclEventProcessor.start(TclEventProcessor.java:80)\n\tat com.nexperience.engine.script.tcl.TclInterpreter.startEventProcessing(TclInterpreter.java:552)\n\tat com.nexperience.engine.script.execution.step.StepExecutionEventProcessor.callImpl(StepExecutionEventProcessor.java:85)\n\tat com.nexperience.engine.script.execution.step.StepExecutionEventProcessor.callImpl(StepExecutionEventProcessor.java:21)\n\tat com.nexperience.util.thread.WrappedCallable.call(WrappedCallable.java:31)\n\tat java.util.concurrent.FutureTask.run(FutureTask.java:266)\n\tat java.util.concurrent.ThreadPoolExecutor.runWorker(ThreadPoolExecutor.java:1149)\n\tat java.util.concurrent.ThreadPoolExecutor$Worker.run(ThreadPoolExecutor.java:624)\n\tat java.lang.Thread.run(Thread.java:750)\n"
}